[0m
> build · MiniMaxAI/MiniMax-M3
[0m
사용자의 요청을 분석해보겠습니다. 인터랙티브 웹 디자인 랜딩 페이지를 만들어야 하네요. 먼저 작업 디렉토리를 확인하고 계획을 세우겠습니다.
[0m$ [0mls -la /project
total 8
drwxr-xr-x    3 root     root            96 Jun  8 15:47 .
drwxr-xr-x    1 root     root          4096 Jun  8 15:47 ..
-rw-r--r--    1 root     root           238 Jun  8 15:47 session.log
[0m
[0m# [0mTodos
[•] Vite + React + TypeScript 프로젝트 설정
[ ] Tailwind CSS 설정 및 커스텀 테마 구성
[ ] Navigation Bar 컴포넌트 (Glassmorphism)
[ ] Hero Section (대형 타이포 + 인터랙티브 캔버스 + CTA)
[ ] Feature Bento Grid 섹션
[ ] 마우스 추적 그라데이션 오버레이 + 스크롤 애니메이션
[ ] 반응형 검증 및 빌드 확인
[0m
Vite + React + TypeScript 프로젝트를 생성하겠습니다.
[0m$ [0mnpm create vite@latest . -- --template react-ts -y 2>&1 | tail -30
npm warn exec The following package was not found and will be installed: create-vite@9.0.7

> npx
> create-vite . --template react-ts -y

└  Operation cancelled

npm notice
npm notice New major version of npm available! 10.9.8 -> 11.16.0
npm notice Changelog: https://github.com/npm/cli/releases/tag/v11.16.0
npm notice To update run: npm install -g npm@11.16.0
npm notice
[0m
[0m$ [0mmkdir -p src/components src/hooks public
(no output)
[0m
자동화가 잘 안 되니 수동으로 프로젝트를 구성하겠습니다.
[0m← [0mWrite package.json
Wrote file successfully.
[0m
[0m← [0mWrite vite.config.ts
Wrote file successfully.
[0m
[0m← [0mWrite tsconfig.json
Wrote file successfully.
[0m
[0m← [0mWrite tsconfig.app.json
Wrote file successfully.
[0m
[0m← [0mWrite tsconfig.node.json
Wrote file successfully.
[0m
[0m← [0mWrite tailwind.config.js
Wrote file successfully.
[0m
[0m← [0mWrite postcss.config.js
Wrote file successfully.
[0m
[0m← [0mWrite index.html
Wrote file successfully.
[0m
[0m← [0mWrite public/favicon.svg
Wrote file successfully.
[0m
[0m← [0mWrite src/index.css
Wrote file successfully.
[0m
이제 src 파일들을 작성합니다.
[0m← [0mWrite src/main.tsx
Wrote file successfully.
[0m
[0m← [0mWrite src/hooks/useReveal.ts
Wrote file successfully.
[0m
이제 커스텀 훅들을 만들겠습니다.
[0m← [0mWrite src/hooks/usePointer.ts
Wrote file successfully.
[0m
[0m← [0mWrite src/hooks/useScrollProgress.ts
Wrote file successfully.
[0m
[0m# [0mTodos
[✓] Vite + React + TypeScript 프로젝트 설정
[✓] Tailwind CSS 설정 및 커스텀 테마 구성
[•] Navigation Bar 컴포넌트 (Glassmorphism)
[ ] Hero Section (대형 타이포 + 인터랙티브 캔버스 + CTA)
[ ] Feature Bento Grid 섹션
[ ] 마우스 추적 그라데이션 오버레이 + 스크롤 애니메이션
[ ] 반응형 검증 및 빌드 확인
[0m
[0m← [0mWrite src/components/NavBar.tsx
Wrote file successfully.
[0m
이제 컴포넌트들을 만들겠습니다.
[0m← [0mWrite src/components/CursorGlow.tsx
Wrote file successfully.
[0m
[0m← [0mWrite src/components/NeuralCanvas.tsx
Wrote file successfully.
[0m
[0m← [0mWrite src/components/TypingLine.tsx
Wrote file successfully.
[0m
[0m← [0mWrite src/components/Hero.tsx
Wrote file successfully.
[0m
[0m# [0mTodos
[✓] Vite + React + TypeScript 프로젝트 설정
[✓] Tailwind CSS 설정 및 커스텀 테마 구성
[✓] Navigation Bar 컴포넌트 (Glassmorphism)
[✓] Hero Section (대형 타이포 + 인터랙티브 캔버스 + CTA)
[•] Feature Bento Grid 섹션
[ ] 마우스 추적 그라데이션 오버레이 + 스크롤 애니메이션
[ ] 반응형 검증 및 빌드 확인
[0m
이제 Bento Grid 섹션과 각각의 벤토 박스 컴포넌트들을 만들겠습니다.
[0m← [0mWrite src/components/bento/SpeedMeter.tsx
Wrote file successfully.
[0m
[0m← [0mWrite src/components/bento/WorkflowGraph.tsx
Wrote file successfully.
[0m
[0m← [0mWrite src/components/bento/AccuracyPanel.tsx
Wrote file successfully.
[0m
[0m← [0mWrite src/components/bento/ChatPreview.tsx
Wrote file successfully.
[0m
[0m← [0mWrite src/components/bento/IntegrationBars.tsx
Wrote file successfully.
[0m
[0m← [0mWrite src/components/bento/AgentOrbit.tsx
Wrote file successfully.
[0m
[0m← [0mWrite src/components/FeatureBento.tsx
Wrote file successfully.
[0m
[0m# [0mTodos
[✓] Vite + React + TypeScript 프로젝트 설정
[✓] Tailwind CSS 설정 및 커스텀 테마 구성
[✓] Navigation Bar 컴포넌트 (Glassmorphism)
[✓] Hero Section (대형 타이포 + 인터랙티브 캔버스 + CTA)
[✓] Feature Bento Grid 섹션
[•] 마우스 추적 그라데이션 오버레이 + 스크롤 애니메이션
[ ] 반응형 검증 및 빌드 확인
[0m
[0m← [0mWrite src/components/ScrollProgress.tsx
Wrote file successfully.
[0m
남은 컴포넌트들 - Footer, ScrollProgress, App을 만들겠습니다.
[0m← [0mWrite src/components/CTASection.tsx
Wrote file successfully.
[0m
[0m← [0mWrite src/components/Footer.tsx
Wrote file successfully.
[0m
[0m← [0mWrite src/App.tsx
Wrote file successfully.
[0m
이제 의존성을 설치하고 빌드를 확인하겠습니다.
[0m$ [0mnpm install --silent 2>&1 | tail -20
(no output)
[0m
[0m$ [0mnpm run build 2>&1 | tail -40
> neura-ai-landing@0.0.0 build
> tsc -b && vite build

vite v6.4.3 building for production...
transforming...
✓ 44 modules transformed.
rendering chunks...
computing gzip size...
dist/index.html                   0.88 kB │ gzip:  0.49 kB
dist/assets/index-CXLzumpO.css   27.53 kB │ gzip:  6.07 kB
dist/assets/index-cVOrTjt2.js   174.42 kB │ gzip: 54.60 kB
✓ built in 1.36s
[0m
빌드가 성공했습니다. dev 서버를 잠시 실행해 정상 동작을 확인하겠습니다.
[0m$ [0mtimeout 6 npm run dev 2>&1 | head -20
> neura-ai-landing@0.0.0 dev
> vite


  VITE v6.4.3  ready in 164 ms

  ➜  Local:   http://localhost:5173/
  ➜  Network: use --host to expose
[0m
[0m# [0mTodos
[✓] Vite + React + TypeScript 프로젝트 설정
[✓] Tailwind CSS 설정 및 커스텀 테마 구성
[✓] Navigation Bar 컴포넌트 (Glassmorphism)
[✓] Hero Section (대형 타이포 + 인터랙티브 캔버스 + CTA)
[✓] Feature Bento Grid 섹션
[✓] 마우스 추적 그라데이션 오버레이 + 스크롤 애니메이션
[✓] 반응형 검증 및 빌드 확인
[0m
