[0m
> build · MiniMaxAI/MiniMax-M3
[0m
프로젝트 구조를 먼저 확인하겠습니다.
[0m$ [0mls -la /project
total 4
drwxr-xr-x    2 root     root            64 Jun  8 05:34 .
drwxr-xr-x    1 root     root          4096 Jun  8 15:35 ..
[0m
빈 프로젝트네요. React + Vite + TypeScript + Tailwind CSS 프로젝트를 새로 셋업하고 CRM 대시보드를 구현하겠습니다.
[0m# [0mTodos
[•] Vite + React + TypeScript 프로젝트 셋업
[ ] Tailwind CSS 설정 및 디자인 토큰 정의
[ ] Sidebar 컴포넌트 구현
[ ] TopBar 컴포넌트 구현
[ ] 통계 카드 4개 구현
[ ] 차트 + 타임라인 Row 2 구현
[ ] 고객 리스트 테이블 Row 3 구현
[ ] 반응형 처리 및 빌드 검증
[0m
[0m$ [0mnpm create vite@latest crm-dashboard -- --template react-ts --yes 2>&1 | tail -20
npm warn exec The following package was not found and will be installed: create-vite@9.0.7

> npx
> create-vite crm-dashboard --template react-ts --yes

│
◇  Scaffolding project in /project/crm-dashboard...
│
└  Done. Now run:

  cd crm-dashboard
  npm install
  npm run dev

npm notice
npm notice New major version of npm available! 10.9.8 -> 11.16.0
npm notice Changelog: https://github.com/npm/cli/releases/tag/v11.16.0
npm notice To update run: npm install -g npm@11.16.0
npm notice
[0m
[0m$ [0mnpm install 2>&1 | tail -5 && npm install -D tailwindcss@3 postcss autoprefixer 2>&1 | tail -5 && npm install lucide-react clsx 2>&1 | tail -5
42 packages are looking for funding
  run `npm fund` for details

found 0 vulnerabilities

59 packages are looking for funding
  run `npm fund` for details

found 0 vulnerabilities

59 packages are looking for funding
  run `npm fund` for details

found 0 vulnerabilities
[0m
[0m$ [0mnpx tailwindcss init -p 2>&1
Created Tailwind CSS config file: tailwind.config.js
Created PostCSS config file: postcss.config.js
[0m
[0m# [0mTodos
[✓] Vite + React + TypeScript 프로젝트 셋업
[•] Tailwind CSS 설정 및 디자인 토큰 정의
[ ] Sidebar 컴포넌트 구현
[ ] TopBar 컴포넌트 구현
[ ] 통계 카드 4개 구현
[ ] 차트 + 타임라인 Row 2 구현
[ ] 고객 리스트 테이블 Row 3 구현
[ ] 반응형 처리 및 빌드 검증
[0m
[0m← [0mWrite crm-dashboard/tailwind.config.js
Wrote file successfully.
[0m
[0m← [0mWrite crm-dashboard/src/index.css
Wrote file successfully.
[0m
[0m← [0mWrite crm-dashboard/src/lib/cn.ts
Wrote file successfully.
[0m
이제 컴포넌트 구조를 잡겠습니다. 작은 유틸부터 만들고 컴포넌트를 분리합니다.
[0m← [0mWrite crm-dashboard/src/components/ui/types.ts
Wrote file successfully.
[0m
[0m← [0mWrite crm-dashboard/src/components/ui/Card.tsx
Wrote file successfully.
[0m
[0m← [0mWrite crm-dashboard/src/components/ui/Button.tsx
Wrote file successfully.
[0m
[0m← [0mWrite crm-dashboard/src/components/ui/Avatar.tsx
Wrote file successfully.
[0m
[0m← [0mWrite crm-dashboard/src/components/ui/Badge.tsx
Wrote file successfully.
[0m
[0m# [0mTodos
[✓] Vite + React + TypeScript 프로젝트 셋업
[✓] Tailwind CSS 설정 및 디자인 토큰 정의
[•] Sidebar 컴포넌트 구현
[ ] TopBar 컴포넌트 구현
[ ] 통계 카드 4개 구현
[ ] 차트 + 타임라인 Row 2 구현
[ ] 고객 리스트 테이블 Row 3 구현
[ ] 반응형 처리 및 빌드 검증
[0m
[0m← [0mWrite crm-dashboard/src/components/layout/Sidebar.tsx
Wrote file successfully.
[0m
[0m# [0mTodos
[✓] Vite + React + TypeScript 프로젝트 셋업
[✓] Tailwind CSS 설정 및 디자인 토큰 정의
[✓] Sidebar 컴포넌트 구현
[•] TopBar 컴포넌트 구현
[ ] 통계 카드 4개 구현
[ ] 차트 + 타임라인 Row 2 구현
[ ] 고객 리스트 테이블 Row 3 구현
[ ] 반응형 처리 및 빌드 검증
[0m
[0m← [0mWrite crm-dashboard/src/components/layout/TopBar.tsx
Wrote file successfully.
[0m
[0m# [0mTodos
[✓] Vite + React + TypeScript 프로젝트 셋업
[✓] Tailwind CSS 설정 및 디자인 토큰 정의
[✓] Sidebar 컴포넌트 구현
[✓] TopBar 컴포넌트 구현
[•] 통계 카드 4개 구현
[ ] 차트 + 타임라인 Row 2 구현
[ ] 고객 리스트 테이블 Row 3 구현
[ ] 반응형 처리 및 빌드 검증
[0m
[0m← [0mWrite crm-dashboard/src/components/dashboard/StatCards.tsx
Wrote file successfully.
[0m
[0m# [0mTodos
[✓] Vite + React + TypeScript 프로젝트 셋업
[✓] Tailwind CSS 설정 및 디자인 토큰 정의
[✓] Sidebar 컴포넌트 구현
[✓] TopBar 컴포넌트 구현
[✓] 통계 카드 4개 구현
[•] 차트 + 타임라인 Row 2 구현
[ ] 고객 리스트 테이블 Row 3 구현
[ ] 반응형 처리 및 빌드 검증
[0m
차트 컴포넌트를 외부 라이브러리 의존성 없이 SVG로 깔끔하게 만들겠습니다.
[0m← [0mWrite crm-dashboard/src/components/dashboard/PipelineChart.tsx
Wrote file successfully.
[0m
[0m← [0mWrite crm-dashboard/src/components/dashboard/TodoList.tsx
Wrote file successfully.
[0m
[0m← [0mWrite crm-dashboard/src/components/dashboard/ActivityTimeline.tsx
Wrote file successfully.
[0m
이제 '최근 액티비티 타임라인'도 같이 만들어 두겠습니다. (요구사항은 두 옵션 중 선택이라 했지만, Row 2 우측 1/3 영역에 모두 자연스럽게 들어가는 형태로 타임라인이 더 정보밀도가 높을 것 같아 타임라인으로 갑니다. 단, todo list도 별도 페이지에서 재사용 가능하게 이미 분리)
[0m# [0mTodos
[✓] Vite + React + TypeScript 프로젝트 셋업
[✓] Tailwind CSS 설정 및 디자인 토큰 정의
[✓] Sidebar 컴포넌트 구현
[✓] TopBar 컴포넌트 구현
[✓] 통계 카드 4개 구현
[✓] 차트 + 타임라인 Row 2 구현
[•] 고객 리스트 테이블 Row 3 구현
[ ] 반응형 처리 및 빌드 검증
[0m
[0m← [0mWrite crm-dashboard/src/components/dashboard/CustomerTable.tsx
Wrote file successfully.
[0m
[0m# [0mTodos
[✓] Vite + React + TypeScript 프로젝트 셋업
[✓] Tailwind CSS 설정 및 디자인 토큰 정의
[✓] Sidebar 컴포넌트 구현
[✓] TopBar 컴포넌트 구현
[✓] 통계 카드 4개 구현
[✓] 차트 + 타임라인 Row 2 구현
[✓] 고객 리스트 테이블 Row 3 구현
[•] App 조립 + 반응형 처리 + 빌드 검증
[0m
[0m← [0mWrite crm-dashboard/src/App.tsx
Wrote file successfully.
[0m
[0m→ [0mRead crm-dashboard/src/main.tsx
[0m→ [0mRead crm-dashboard/index.html
[0m
[0m← [0mEdit crm-dashboard/index.html
Index: /project/crm-dashboard/index.html
===================================================================
--- /project/crm-dashboard/index.html
+++ /project/crm-dashboard/index.html
@@ -3,9 +3,9 @@
 <head>
   <meta charset="UTF-8" />
   <link rel="icon" type="image/svg+xml" href="/favicon.svg" />
   <meta name="viewport" content="width=device-width, initial-scale=1.0" />
-  <title>crm-dashboard</title>
+  <title>Northwind CRM</title>
 </head>
 <body>
   <div id="root"></div>
   <script type="module" src="/src/main.tsx"></script>

[0m
빌드와 타입체크로 검증합니다.
[0m$ [0mnpm run build 2>&1 | tail -30
> crm-dashboard@0.0.0 build
> tsc -b && vite build

vite v8.0.16 building client environment for production...
[2Ktransforming...[vite:css][postcss] @import must precede all other statements (besides @charset or empty @layer)
3  |  @tailwind utilities;
4  |  
5  |  @import url("https://fonts.googleapis.com/css2?family=Inter:wght@400;500;600;700&display=swap");
   |  ^^^^^^^^^^^^^^^^^^^^^^^^^^^^^^^^^^^^^^^^^^^^^^^^^^^^^^^^^^^^^^^^^^^^^^^^^^^^^^^^^^^^^^^^^^^^^^^^
6  |  
7  |  :root {
✓ 1751 modules transformed.
rendering chunks...
computing gzip size...
dist/index.html                   0.46 kB │ gzip:  0.30 kB
dist/assets/index-D7IZFXOr.css   17.73 kB │ gzip:  4.38 kB
dist/assets/index-CyrcLO14.js   218.54 kB │ gzip: 68.13 kB

✓ built in 948ms
[0m
빌드는 통과했지만 `@import`가 `@tailwind` 뒤에 와서 경고가 떴네요. 수정합니다.
[0m← [0mWrite crm-dashboard/src/index.css
Wrote file successfully.
[0m
[0m$ [0mnpm run build 2>&1 | tail -15
> crm-dashboard@0.0.0 build
> tsc -b && vite build

vite v8.0.16 building client environment for production...
[2Ktransforming...✓ 1751 modules transformed.
rendering chunks...
computing gzip size...
dist/index.html                   0.46 kB │ gzip:  0.29 kB
dist/assets/index-Bc4rntkn.css   17.82 kB │ gzip:  4.45 kB
dist/assets/index-5n2zwHzi.js   218.54 kB │ gzip: 68.13 kB

✓ built in 746ms
[0m
타입체크와 빌드 모두 깔끔하게 통과합니다. dev 서버도 잠깐 띄워서 정상 부팅 확인합니다.
[0m$ [0mtimeout 8 npx vite --port 5188 --host 127.0.0.1 2>&1 | head -20 || true
VITE v8.0.16  ready in 369 ms

  ➜  Local:   http://127.0.0.1:5188/
[0m
[0m# [0mTodos
[✓] Vite + React + TypeScript 프로젝트 셋업
[✓] Tailwind CSS 설정 및 디자인 토큰 정의
[✓] Sidebar 컴포넌트 구현
[✓] TopBar 컴포넌트 구현
[✓] 통계 카드 4개 구현
[✓] 차트 + 타임라인 Row 2 구현
[✓] 고객 리스트 테이블 Row 3 구현
[✓] App 조립 + 반응형 처리 + 빌드 검증
[0m
