[0m
> build · MiniMaxAI/MiniMax-M3
[0m
프롬프트에 UI/UX 디자인 요구사항이 명확하게 정의되어 있고, 랜딩 페이지 생성이 필요하므로 `ui-ux-pro-max` 스킬을 로드해서 작업하겠습니다.
[0m→ [0mSkill "ui-ux-pro-max"
프로젝트 디렉토리 구조를 먼저 확인하겠습니다.
[0m
[0m$ [0mls -la /project
total 8
drwxr-xr-x    4 root     root           128 Jun  8 16:30 .
drwxr-xr-x    1 root     root          4096 Jun  8 16:30 ..
drwxr-xr-x    3 root     root            96 Jun  8 05:13 .agents
-rw-r--r--    1 root     root           329 Jun  8 16:30 session.log
[0m
빈 디렉토리입니다. 디자인 시스템 검색을 먼저 실행하겠습니다.
[0m$ [0mls /project/.agents/skills/ui-ux-pro-max-skill/scripts/ 2>/dev/null || ls /project/.agents/skills/ui-ux-pro-max-skill/
SKILL.md
[0m
[0m$ [0mfind / -name "search.py" -path "*ui-ux*" 2>/dev/null | head -5
(no output)
[0m
스크립트가 없으므로, 스킬의 도메인 지식과 UX 가이드라인을 활용하여 직접 디자인 시스템을 구축하겠습니다. 작업 계획을 세우겠습니다.
[0m# [0mTodos
[•] Vite + React + TS + Tailwind 프로젝트 스캐폴딩
[ ] 디자인 토큰(컬러, 폰트) 및 글로벌 CSS 설정
[ ] NavBar 컴포넌트 (Glassmorphism 플로팅 탑바)
[ ] Hero 컴포넌트 (대형 타이포 + 인터랙티브 캔버스 + CTA)
[ ] 마우스 추적 그라데이션 오버레이 컴포넌트
[ ] Feature Showcase (Bento Grid) 컴포넌트
[ ] 스크롤 Fade-in/Slide-up 인터랙션 훅
[ ] App.tsx에 모든 섹션 조립 및 반응형 점검
[ ] 빌드/타입체크 검증
[0m
## 디자인 시스템 결정 (사전 추론)

**Product type:** AI 제품 SaaS 랜딩 페이지 (글로벌 마케팅)
**Style:** Cyberpunk Minimal + Glassmorphism + Dark Mode (Vercel/Stripe AI 영감)
**Pattern:** Storytelling Hero-Centric
**Color palette:**
- bg: `#000000` / `#0B0B0F`
- accent: `#8B5CF6` (Neon Purple), `#3B82F6` (Electric Blue), `#10B981` (Emerald)
- text: zinc-50 / zinc-400
**Typography:** Geist (Variable, 가독성 + 미래지향적 Geometric Sans) + Geist Mono 보조
**Stack:** React 18 + Vite + TypeScript + Tailwind v3 (안정성)

이제 프로젝트를 스캐폴딩하겠습니다.
[0m$ [0mnpm create vite@latest app -- --template react-ts -- --no-interactive 2>&1 | tail -20
npm warn exec The following package was not found and will be installed: create-vite@9.0.7

> npx
> create-vite app --template react-ts -- --no-interactive

│
◇  Scaffolding project in /project/app...
│
└  Done. Now run:

  cd app
  npm install
  npm run dev

npm notice
npm notice New major version of npm available! 10.9.8 -> 11.16.0
npm notice Changelog: https://github.com/npm/cli/releases/tag/v11.16.0
npm notice To update run: npm install -g npm@11.16.0
npm notice
[0m
[0m$ [0mnpm install 2>&1 | tail -5
42 packages are looking for funding
  run `npm fund` for details

found 0 vulnerabilities
[0m
[0m$ [0mnpm install -D tailwindcss@3.4.17 postcss@8.4.49 autoprefixer@10.4.20 2>&1 | tail -5
To address all issues, run:
  npm audit fix --force

Run `npm audit` for details.
[0m
[0m$ [0mnpx tailwindcss init -p 2>&1
Created Tailwind CSS config file: tailwind.config.js
Created PostCSS config file: postcss.config.js
[0m
[0m# [0mTodos
[✓] Vite + React + TS + Tailwind 프로젝트 스캐폴딩
[•] 디자인 토큰(컬러, 폰트) 및 글로벌 CSS 설정
[ ] NavBar 컴포넌트 (Glassmorphism 플로팅 탑바)
[ ] Hero 컴포넌트 (대형 타이포 + 인터랙티브 캔버스 + CTA)
[ ] 마우스 추적 그라데이션 오버레이 컴포넌트
[ ] Feature Showcase (Bento Grid) 컴포넌트
[ ] 스크롤 Fade-in/Slide-up 인터랙션 훅
[ ] App.tsx에 모든 섹션 조립 및 반응형 점검
[ ] 빌드/타입체크 검증
[0m
Tailwind 설정을 디자인 토큰으로 확장하고, 글로벌 CSS에 폰트와 키프레임을 정의합니다.
[0m← [0mWrite app/tailwind.config.js
Wrote file successfully.
[0m
[0m← [0mWrite app/src/index.css
Wrote file successfully.
[0m
[0m→ [0mRead app/index.html
[0m
[0m← [0mWrite app/index.html
Wrote file successfully.
[0m
[0m← [0mWrite app/public/favicon.svg
Wrote file successfully.
[0m
[0m# [0mTodos
[✓] Vite + React + TS + Tailwind 프로젝트 스캐폴딩
[✓] 디자인 토큰(컬러, 폰트) 및 글로벌 CSS 설정
[•] 스크롤 Fade-in/Slide-up 인터랙션 훅
[ ] 마우스 추적 그라데이션 오버레이 컴포넌트
[ ] NavBar 컴포넌트 (Glassmorphism 플로팅 탑바)
[ ] Hero 컴포넌트 (대형 타이포 + 인터랙티브 캔버스 + CTA)
[ ] Feature Showcase (Bento Grid) 컴포넌트
[ ] App.tsx에 모든 섹션 조립 및 반응형 점검
[ ] 빌드/타입체크 검증
[0m
이제 공용 훅과 컴포넌트를 만듭니다. 먼저 스크롤 reveal 훅입니다.
[0m← [0mWrite app/src/hooks/useReveal.ts
Wrote file successfully.
[0m
[0m← [0mWrite app/src/components/Reveal.tsx
Wrote file successfully.
[0m
마우스 추적 그라데이션 오버레이 컴포넌트입니다.
[0m← [0mWrite app/src/components/CursorGlow.tsx
Wrote file successfully.
[0m
이제 NavBar 컴포넌트입니다.
[0m← [0mWrite app/src/components/NavBar.tsx
Wrote file successfully.
[0m
[0m← [0mWrite app/src/components/Logo.tsx
Wrote file successfully.
[0m
[0m# [0mTodos
[✓] Vite + React + TS + Tailwind 프로젝트 스캐폴딩
[✓] 디자인 토큰(컬러, 폰트) 및 글로벌 CSS 설정
[✓] 스크롤 Fade-in/Slide-up 인터랙션 훅
[✓] 마우스 추적 그라데이션 오버레이 컴포넌트
[✓] NavBar 컴포넌트 (Glassmorphism 플로팅 탑바)
[•] Hero 컴포넌트 (대형 타이포 + 인터랙티브 캔버스 + CTA)
[ ] Feature Showcase (Bento Grid) 컴포넌트
[ ] App.tsx에 모든 섹션 조립 및 반응형 점검
[ ] 빌드/타입체크 검증
[0m
Hero 섹션과 인터랙티브 캔버스를 만듭니다. 캔버스는 순수 Canvas API로 신경망 스타일의 노드 그래프를 그리고 마우스/포인터에 반응합니다.
[0m← [0mWrite app/src/components/NeuralCanvas.tsx
Wrote file successfully.
[0m
이제 Hero 섹션입니다.
[0m← [0mWrite app/src/components/Hero.tsx
Wrote file successfully.
[0m
[0m# [0mTodos
[✓] Vite + React + TS + Tailwind 프로젝트 스캐폴딩
[✓] 디자인 토큰(컬러, 폰트) 및 글로벌 CSS 설정
[✓] 스크롤 Fade-in/Slide-up 인터랙션 훅
[✓] 마우스 추적 그라데이션 오버레이 컴포넌트
[✓] NavBar 컴포넌트 (Glassmorphism 플로팅 탑바)
[✓] Hero 컴포넌트 (대형 타이포 + 인터랙티브 캔버스 + CTA)
[•] Feature Showcase (Bento Grid) 컴포넌트
[ ] App.tsx에 모든 섹션 조립 및 반응형 점검
[ ] 빌드/타입체크 검증
[0m
Feature Showcase (Bento Grid) 컴포넌트를 만듭니다. 비대칭 그리드, 마이크로 인터랙션 포함.
[0m← [0mWrite app/src/components/Features.tsx
Wrote file successfully.
[0m
추가 분위기를 위해 짧은 Manifesto/CTA 푸터 섹션도 포함시키겠습니다.
[0m← [0mWrite app/src/components/Manifesto.tsx
Wrote file successfully.
[0m
이제 App.tsx를 조립합니다.
[0m→ [0mRead app/src/main.tsx
[0m→ [0mRead app/src/App.tsx
[0m
[0m← [0mWrite app/src/App.tsx
Wrote file successfully.
[0m
[0m$ [0mrm -f src/App.css src/assets/react.svg src/assets/vite.svg src/assets/hero.png public/icons.svg public/vite.svg 2>/dev/null; ls src/ src/components/ src/hooks/ public/
public/:
favicon.svg

src/:
App.tsx
assets
components
hooks
index.css
main.tsx

src/components/:
CursorGlow.tsx
Features.tsx
Hero.tsx
Logo.tsx
Manifesto.tsx
NavBar.tsx
NeuralCanvas.tsx
Reveal.tsx

src/hooks/:
useReveal.ts
[0m
[0m$ [0mls src/assets/ 2>/dev/null && rm -rf src/assets 2>/dev/null; ls src/
App.tsx
components
hooks
index.css
main.tsx
[0m
[0m# [0mTodos
[✓] Vite + React + TS + Tailwind 프로젝트 스캐폴딩
[✓] 디자인 토큰(컬러, 폰트) 및 글로벌 CSS 설정
[✓] 스크롤 Fade-in/Slide-up 인터랙션 훅
[✓] 마우스 추적 그라데이션 오버레이 컴포넌트
[✓] NavBar 컴포넌트 (Glassmorphism 플로팅 탑바)
[✓] Hero 컴포넌트 (대형 타이포 + 인터랙티브 캔버스 + CTA)
[✓] Feature Showcase (Bento Grid) 컴포넌트
[✓] App.tsx에 모든 섹션 조립 및 반응형 점검
[•] 빌드/타입체크 검증
[0m
[0m$ [0mnpx tsc --noEmit 2>&1 | tail -40
(no output)
[0m
타입체크 통과. 이제 빌드와 린트 검증.
[0m$ [0mnpm run build 2>&1 | tail -30
> app@0.0.0 build
> tsc -b && vite build

src/components/Hero.tsx(4,7): error TS6133: 'PHRASES' is declared but its value is never read.
src/components/Reveal.tsx(22,27): error TS2503: Cannot find namespace 'JSX'.
src/components/Reveal.tsx(24,6): error TS2604: JSX element type 'Tag' does not have any construct or call signatures.
src/components/Reveal.tsx(24,6): error TS2786: 'Tag' cannot be used as a JSX component.
  Its type 'string | number | symbol' is not a valid JSX element type.
    Type 'number' is not assignable to type 'ElementType'.
[0m
Reveal의 JSX 네임스페이스 이슈와 사용하지 않는 PHRASES를 수정합니다.
[0m← [0mEdit app/src/components/Reveal.tsx
Index: /project/app/src/components/Reveal.tsx
===================================================================
--- /project/app/src/components/Reveal.tsx
+++ /project/app/src/components/Reveal.tsx
@@ -1,12 +1,14 @@
-import type { CSSProperties, ReactNode } from "react";
+import { createElement, type CSSProperties, type ReactNode } from "react";
 import { useReveal } from "../hooks/useReveal";
 
+type AsTag = "div" | "section" | "article" | "header" | "span";
+
 type Props = {
   children: ReactNode;
   delay?: number;
   className?: string;
-  as?: "div" | "section" | "article" | "header" | "span";
+  as?: AsTag;
   style?: CSSProperties;
   once?: boolean;
 };
 
@@ -18,15 +20,14 @@
   style,
   once = true,
 }: Props) {
   const { ref, visible } = useReveal<HTMLElement>({ once });
-  const Tag = as as keyof JSX.IntrinsicElements;
-  return (
-    <Tag
-      ref={ref as never}
-      className={`reveal ${visible ? "is-visible" : ""} ${className}`}
-      style={{ transitionDelay: `${delay}ms`, ...style }}
-    >
-      {children}
-    </Tag>
+  return createElement(
+    as,
+    {
+      ref,
+      className: `reveal ${visible ? "is-visible" : ""} ${className}`,
+      style: { transitionDelay: `${delay}ms`, ...style },
+    },
+    children,
   );
 }

[0m
[0m← [0mEdit app/src/components/Hero.tsx
Index: /project/app/src/components/Hero.tsx
===================================================================
--- /project/app/src/components/Hero.tsx
+++ /project/app/src/components/Hero.tsx
@@ -1,15 +1,7 @@
 import { Reveal } from "./Reveal";
 import { NeuralCanvas } from "./NeuralCanvas";
 
-const PHRASES = [
-  "shipping code",
-  "drafting research",
-  "designing systems",
-  "answering in real time",
-  "automating workflows",
-];
-
 function ChevronRight(props: React.SVGProps<SVGSVGElement>) {
   return (
     <svg
       viewBox="0 0 24 24"

[0m
[0m$ [0mnpm run build 2>&1 | tail -20
> app@0.0.0 build
> tsc -b && vite build

vite v8.0.16 building client environment for production...
[2Ktransforming...✓ 25 modules transformed.
rendering chunks...
computing gzip size...
dist/index.html                   0.71 kB │ gzip:  0.42 kB
dist/assets/index-DWoWRFXy.css   27.55 kB │ gzip:  6.01 kB
dist/assets/index-DR98YEFv.js   223.26 kB │ gzip: 68.46 kB

✓ built in 766ms
[0m
[93m[1m! [0mpermission requested: external_directory (/tmp/*); auto-rejecting
[0m✗ [0mnpx vite --host 127.0.0.1 --port 5180 > /tmp/vite.log 2>&1 &
echo $! > /tmp/vite.pid
sleep 4
curl -s http://127.0.0.1:5180 | head -20
echo "---STATUS---"
curl -s -o /dev/null -w "HTTP %{http_code}\n" http://127.0.0.1:5180
echo "---LOG---"
cat /tmp/vite.log | tail -10 failed
[91m[1mError: [0mThe user rejected permission to use this specific tool call.
