[0m
> build · MiniMaxAI/MiniMax-M3
[0m
I'll load the design taste skill first since this is a frontend design task, then build the CRM dashboard.
[0m→ [0mSkill "design-taste-frontend"
**Design Read:** B2B SaaS CRM dashboard for professional buyers, with a Linear/Intercom-trust language, leaning toward Tailwind utilities + Inter (explicitly requested) + restrained motion.

**Dials:** VARIANCE 4 / MOTION 2 / DENSITY 6 (data-heavy dashboard, minimal animation).

**Anti-slop overrides active:**
- No Tailwind v3 colors (slate-50/100/200) — pure tokens from brief
- No AI purple, no gradient blobs
- Inter explicitly requested → use it
- Real data with believable, generic names — no fake-precise invented specs
- Slate-50 page bg → bordered cards, not stacked shadows

Let me set up the project structure.
[0m
[0m$ [0mls -la /project && node --version && npm --version
total 8
drwxr-xr-x    4 root     root           128 Jun  8 05:34 .
drwxr-xr-x    1 root     root          4096 Jun  8 15:36 ..
drwxr-xr-x    3 root     root            96 Jun  8 05:13 .agents
-rw-r--r--    1 root     root           432 Jun  8 05:13 DESIGN.md
v22.22.3
10.9.8
[0m
[0m→ [0mRead DESIGN.md
Note: DESIGN.md uses indigo/pink which the brief explicitly overrode to deep navy + royal blue. The brief wins. Let me scaffold.
[0m
[0m$ [0mnpm create vite@latest crm-dashboard -- --template react-ts --yes 2>&1 | tail -20
npm warn exec The following package was not found and will be installed: create-vite@9.0.7

> npx
> create-vite crm-dashboard --template react-ts --yes

│
◇  Scaffolding project in /project/crm-dashboard...
│
└  Done. Now run:

  cd crm-dashboard
  npm install
  npm run dev

npm notice
npm notice New major version of npm available! 10.9.8 -> 11.16.0
npm notice Changelog: https://github.com/npm/cli/releases/tag/v11.16.0
npm notice To update run: npm install -g npm@11.16.0
npm notice
[0m
[0m$ [0mnpm install 2>&1 | tail -5 && npm install -D tailwindcss@3.4.13 postcss autoprefixer 2>&1 | tail -5 && npm install @phosphor-icons/react 2>&1 | tail -5
42 packages are looking for funding
  run `npm fund` for details

found 0 vulnerabilities

60 packages are looking for funding
  run `npm fund` for details

found 0 vulnerabilities

60 packages are looking for funding
  run `npm fund` for details

found 0 vulnerabilities
[0m
[0m$ [0mnpx tailwindcss init -p 2>&1
Created Tailwind CSS config file: tailwind.config.js
Created PostCSS config file: postcss.config.js
[0m
[0m→ [0mRead crm-dashboard/tailwind.config.js
[0m
[0m← [0mWrite crm-dashboard/tailwind.config.js
Wrote file successfully.
[0m
[0m→ [0mRead crm-dashboard/src/index.css
[0m
[0m← [0mWrite crm-dashboard/src/index.css
Wrote file successfully.
[0m
[0m→ [0mRead crm-dashboard/src/main.tsx
Now I'll build the component tree. Structure:

```
src/
  components/
    layout/      (Sidebar, TopBar, AppShell)
    ui/          (Card, Badge, Button, Avatar)
    dashboard/   (StatCard, PipelineChart, ActivityTimeline, TodoList, CustomerTable)
  data/          (mock data)
  lib/           (cn util)
  App.tsx
```
[0m
[0m$ [0mmkdir -p src/components/layout src/components/ui src/components/dashboard src/data src/lib && rm -f src/App.css src/assets/react.svg public/vite.svg
(no output)
[0m
[0m← [0mWrite crm-dashboard/src/lib/utils.ts
Wrote file successfully.
[0m
[0m← [0mWrite crm-dashboard/src/data/mock.ts
Wrote file successfully.
[0m
Now the UI primitives:
[0m← [0mWrite crm-dashboard/src/components/ui/Card.tsx
Wrote file successfully.
[0m
[0m← [0mWrite crm-dashboard/src/components/ui/Badge.tsx
Wrote file successfully.
[0m
[0m← [0mWrite crm-dashboard/src/components/ui/Button.tsx
Wrote file successfully.
[0m
[0m← [0mWrite crm-dashboard/src/components/ui/Avatar.tsx
Wrote file successfully.
[0m
Now layout: Sidebar, TopBar, AppShell.
[0m← [0mWrite crm-dashboard/src/components/layout/Sidebar.tsx
Wrote file successfully.
[0m
[0m← [0mWrite crm-dashboard/src/components/layout/TopBar.tsx
Wrote file successfully.
[0m
[0m← [0mWrite crm-dashboard/src/components/layout/AppShell.tsx
Wrote file successfully.
[0m
Now the dashboard components.
[0m← [0mWrite crm-dashboard/src/components/dashboard/StatCard.tsx
Wrote file successfully.
[0m
[0m← [0mWrite crm-dashboard/src/components/dashboard/PipelineChart.tsx
Wrote file successfully.
[0m
[0m← [0mWrite crm-dashboard/src/components/dashboard/ActivityPanel.tsx
Wrote file successfully.
[0m
[0m← [0mWrite crm-dashboard/src/components/dashboard/CustomerTable.tsx
Wrote file successfully.
[0m
Now a small page header and the main App composition:
[0m← [0mWrite crm-dashboard/src/components/dashboard/PageHeader.tsx
Wrote file successfully.
[0m
[0m← [0mWrite crm-dashboard/src/App.tsx
Wrote file successfully.
[0m
[0m→ [0mRead crm-dashboard/index.html
[0m
[0m← [0mWrite crm-dashboard/index.html
Wrote file successfully.
[0m
[0m← [0mWrite crm-dashboard/public/favicon.svg
Wrote file successfully.
[0m
Now build & verify.
[0m$ [0mnpm run build 2>&1 | tail -25
> crm-dashboard@0.0.0 build
> tsc -b && vite build

src/components/dashboard/ActivityPanel.tsx(2,16): error TS6133: 'CardHeader' is declared but its value is never read.
src/components/dashboard/ActivityPanel.tsx(12,3): error TS6133: 'Circle' is declared but its value is never read.
src/components/layout/Sidebar.tsx(10,3): error TS6133: 'MagnifyingGlass' is declared but its value is never read.
src/components/layout/Sidebar.tsx(11,3): error TS6133: 'Plus' is declared but its value is never read.
src/components/layout/Sidebar.tsx(12,3): error TS2724: '"@phosphor-icons/react"' has no exported member named 'LifeBuoy'. Did you mean 'Lifebuoy'?
src/components/layout/Sidebar.tsx(12,3): error TS6133: 'LifeBuoy' is declared but its value is never read.
src/components/layout/TopBar.tsx(54,14): error TS2304: Cannot find name 'LifeBuoy'.
[0m
Fix unused imports + the misspelled `LifeBuoy` (correct: `Lifebuoy`).
[0m← [0mEdit crm-dashboard/src/components/dashboard/ActivityPanel.tsx
Index: /project/crm-dashboard/src/components/dashboard/ActivityPanel.tsx
===================================================================
--- /project/crm-dashboard/src/components/dashboard/ActivityPanel.tsx
+++ /project/crm-dashboard/src/components/dashboard/ActivityPanel.tsx
@@ -1,6 +1,6 @@
 import { useState } from "react";
-import { Card, CardHeader } from "../ui/Card";
+import { Card } from "../ui/Card";
 import { Avatar } from "../ui/Avatar";
 import { activities, todos } from "../../data/mock";
 import { cn } from "../../lib/utils";
 import {
@@ -8,9 +8,8 @@
   EnvelopeSimple,
   CalendarBlank,
   NotePencil,
   Check,
-  Circle,
 } from "@phosphor-icons/react";
 
 const activityIcons = {
   call: Phone,

[0m
[0m← [0mEdit crm-dashboard/src/components/layout/Sidebar.tsx
Index: /project/crm-dashboard/src/components/layout/Sidebar.tsx
===================================================================
--- /project/crm-dashboard/src/components/layout/Sidebar.tsx
+++ /project/crm-dashboard/src/components/layout/Sidebar.tsx
@@ -6,11 +6,8 @@
   CheckSquare,
   ChartLineUp,
   Gear,
   Question,
-  MagnifyingGlass,
-  Plus,
-  LifeBuoy,
 } from "@phosphor-icons/react";
 import { navItems, navSecondary } from "../../data/mock";
 import { cn } from "../../lib/utils";
 

[0m
[0m← [0mEdit crm-dashboard/src/components/layout/TopBar.tsx
Index: /project/crm-dashboard/src/components/layout/TopBar.tsx
===================================================================
--- /project/crm-dashboard/src/components/layout/TopBar.tsx
+++ /project/crm-dashboard/src/components/layout/TopBar.tsx
@@ -1,5 +1,5 @@
-import { MagnifyingGlass, Bell, Command, Plus } from "@phosphor-icons/react";
+import { MagnifyingGlass, Bell, Command, Plus, Lifebuoy } from "@phosphor-icons/react";
 import { Button } from "../ui/Button";
 
 export function TopBar() {
   return (

[0m
[0m← [0mEdit crm-dashboard/src/components/layout/TopBar.tsx
Index: /project/crm-dashboard/src/components/layout/TopBar.tsx
===================================================================
--- /project/crm-dashboard/src/components/layout/TopBar.tsx
+++ /project/crm-dashboard/src/components/layout/TopBar.tsx
@@ -50,9 +50,9 @@
 <button
   aria-label="Help"
   className="h-8 w-8 inline-flex items-center justify-center rounded-md text-ink-500 hover:bg-ink-100 hover:text-ink-800 transition-colors"
 >
-  <LifeBuoy size={16} />
+  <Lifebuoy size={16} />
 </button>
 
 <div className="h-5 w-px bg-ink-200 mx-1" />
 

[0m
[0m$ [0mnpm run build 2>&1 | tail -20
> crm-dashboard@0.0.0 build
> tsc -b && vite build

vite v8.0.16 building client environment for production...
[2Ktransforming...[vite:css][postcss] @import must precede all other statements (besides @charset or empty @layer)
3  |  @tailwind utilities;
4  |  
5  |  @import url("https://fonts.googleapis.com/css2?family=Inter:wght@400;500;600;700&display=swap");
   |  ^^^^^^^^^^^^^^^^^^^^^^^^^^^^^^^^^^^^^^^^^^^^^^^^^^^^^^^^^^^^^^^^^^^^^^^^^^^^^^^^^^^^^^^^^^^^^^^^
6  |  
7  |  @layer base {
✓ 4571 modules transformed.
rendering chunks...
computing gzip size...
dist/index.html                   0.52 kB │ gzip:  0.33 kB
dist/assets/index-CATxTBu3.css   17.90 kB │ gzip:  4.41 kB
dist/assets/index-Bjdo7VFs.js   289.85 kB │ gzip: 84.80 kB

✓ built in 1.43s
[0m
Build succeeded with a CSS warning. The `@import` must come first — and actually, per the skill, Google Fonts via `<link>` in production is discouraged. Let me move the font into `index.html` as a preconnect + stylesheet link, which is the correct pattern.
[0m← [0mWrite crm-dashboard/src/index.css
Wrote file successfully.
[0m
[0m← [0mWrite crm-dashboard/index.html
Wrote file successfully.
[0m
[0m$ [0mnpm run build 2>&1 | tail -15
> crm-dashboard@0.0.0 build
> tsc -b && vite build

vite v8.0.16 building client environment for production...
[2Ktransforming...✓ 4571 modules transformed.
rendering chunks...
computing gzip size...
dist/index.html                   0.91 kB │ gzip:  0.49 kB
dist/assets/index-CATxTBu3.css   17.90 kB │ gzip:  4.41 kB
dist/assets/index-Bjdo7VFs.js   289.85 kB │ gzip: 84.80 kB

✓ built in 1.04s
[0m
Clean build, no warnings, no TS errors. Quick visual smoke-test by running the dev server and capturing a screenshot.
[0m$ [0mnpm run dev -- --host 127.0.0.1 --port 5173 > /tmp/vite.log 2>&1 &
sleep 3
curl -s -o /dev/null -w "%{http_code}\n" http://127.0.0.1:5173/
/bin/sh: curl: not found
[0m
[0m$ [0mwhich python3 && wget --version 2>&1 | head -1
(no output)
[0m
[93m[1m! [0mpermission requested: external_directory (/tmp/*); auto-rejecting
