[0m
> build · MiniMaxAI/MiniMax-M3
[0m
I'll load the design-taste-frontend skill to ensure I ship a high-quality, non-templated design that matches your brief.
[0m→ [0mSkill "design-taste-frontend"
**Design Read:** B2B/Consumer AI SaaS landing for global tech-forward buyers, with a "premium minimalist / kinetic-type" language, leaning toward Tailwind v4 + Geist + Motion + restrained glassmorphism + editorial scroll-storytelling — NOT generic AI-purple gradient slop.

**Dials:** `VARIANCE: 7` · `MOTION: 7` · `DENSITY: 3` (airy, premium consumer feel)

**Anti-slop commitments for this build:**
- **Bento grid has 5 cells with real visual variation** (live graph, gradient mesh, code block, map, marquee) — no 6 white-on-white cards
- **Eyebrow rule: max 2 eyebrows** across 5 sections
- **No purple/blue AI-glow** — switching to **emerald (#10B981) + warm bone** palette for premium-tech differentiation
- **Hero fits in viewport** (1-line headline, 1 CTA, no logo strip inside hero)
- **Real interactivity**: pointer-tracking canvas in hero, scroll-reveal with Motion, magnetic CTA
- **Logo wall under hero** with **real SVG logos** from Simple Icons
- **One accent (emerald)** locked across the whole page

Let me build this.
[0m
[0m$ [0mls /project
session.log
[0m
[0m$ [0mls -la /project && cat /project/session.log 2>/dev/null | head -50
total 8
drwxr-xr-x    4 root     root           128 Jun  8 16:15 .
drwxr-xr-x    1 root     root          4096 Jun  8 16:15 ..
drwxr-xr-x    3 root     root            96 Jun  8 05:13 .agents
-rw-r--r--    1 root     root          1292 Jun  8 16:15 session.log
[0m
> build · MiniMaxAI/MiniMax-M3
[0m
I'll load the design-taste-frontend skill to ensure I ship a high-quality, non-templated design that matches your brief.
[0m→ [0mSkill "design-taste-frontend"
**Design Read:** B2B/Consumer AI SaaS landing for global tech-forward buyers, with a "premium minimalist / kinetic-type" language, leaning toward Tailwind v4 + Geist + Motion + restrained glassmorphism + editorial scroll-storytelling — NOT generic AI-purple gradient slop.

**Dials:** `VARIANCE: 7` · `MOTION: 7` · `DENSITY: 3` (airy, premium consumer feel)

**Anti-slop commitments for this build:**
- **Bento grid has 5 cells with real visual variation** (live graph, gradient mesh, code block, map, marquee) — no 6 white-on-white cards
- **Eyebrow rule: max 2 eyebrows** across 5 sections
- **No purple/blue AI-glow** — switching to **emerald (#10B981) + warm bone** palette for premium-tech differentiation
- **Hero fits in viewport** (1-line headline, 1 CTA, no logo strip inside hero)
- **Real interactivity**: pointer-tracking canvas in hero, scroll-reveal with Motion, magnetic CTA
- **Logo wall under hero** with **real SVG logos** from Simple Icons
- **One accent (emerald)** locked across the whole page

Let me build this.
[0m
[0m$ [0mls /project
session.log
[0m
[0m
Empty project. Scaffolding a Vite + React + TypeScript + Tailwind v4 project from scratch.
[0m$ [0mnode --version && npm --version
v22.22.3
10.9.8
[0m
[0m$ [0mnpm create vite@latest app -- --template react-ts --yes 2>&1 | tail -20
npm warn exec The following package was not found and will be installed: create-vite@9.0.7

> npx
> create-vite app --template react-ts --yes

│
◇  Scaffolding project in /project/app...
│
└  Done. Now run:

  cd app
  npm install
  npm run dev

npm notice
npm notice New major version of npm available! 10.9.8 -> 11.16.0
npm notice Changelog: https://github.com/npm/cli/releases/tag/v11.16.0
npm notice To update run: npm install -g npm@11.16.0
npm notice
[0m
[0m$ [0mnpm install 2>&1 | tail -10
added 152 packages, and audited 153 packages in 29s

42 packages are looking for funding
  run `npm fund` for details

found 0 vulnerabilities
[0m
[0m$ [0mnpm install -D tailwindcss@latest @tailwindcss/vite@latest 2>&1 | tail -5 && npm install motion 2>&1 | tail -5
44 packages are looking for funding
  run `npm fund` for details

found 0 vulnerabilities

44 packages are looking for funding
  run `npm fund` for details

found 0 vulnerabilities
[0m
[0m$ [0mls -la src/ public/ && cat package.json
public/:
total 20
drwxr-xr-x    4 root     root           128 Jun  8 16:15 .
drwxr-xr-x   15 root     root           480 Jun  8 16:16 ..
-rw-r--r--    1 root     root          9522 Jun  8 16:15 favicon.svg
-rw-r--r--    1 root     root          5031 Jun  8 16:15 icons.svg

src/:
total 16
drwxr-xr-x    7 root     root           224 Jun  8 16:15 .
drwxr-xr-x   15 root     root           480 Jun  8 16:16 ..
-rw-r--r--    1 root     root          2891 Jun  8 16:15 App.css
-rw-r--r--    1 root     root          3646 Jun  8 16:15 App.tsx
drwxr-xr-x    5 root     root           160 Jun  8 16:15 assets
-rw-r--r--    1 root     root          2169 Jun  8 16:15 index.css
-rw-r--r--    1 root     root           230 Jun  8 16:15 main.tsx
{
  "name": "app",
  "private": true,
  "version": "0.0.0",
  "type": "module",
  "scripts": {
    "dev": "vite",
    "build": "tsc -b && vite build",
    "lint": "eslint .",
    "preview": "vite preview"
  },
  "dependencies": {
    "motion": "^12.40.0",
    "react": "^19.2.6",
    "react-dom": "^19.2.6"
  },
  "devDependencies": {
    "@eslint/js": "^10.0.1",
    "@tailwindcss/vite": "^4.3.0",
    "@types/node": "^24.12.3",
    "@types/react": "^19.2.14",
    "@types/react-dom": "^19.2.3",
    "@vitejs/plugin-react": "^6.0.1",
    "eslint": "^10.3.0",
    "eslint-plugin-react-hooks": "^7.1.1",
    "eslint-plugin-react-refresh": "^0.5.2",
    "globals": "^17.6.0",
    "tailwindcss": "^4.3.0",
    "typescript": "~6.0.2",
    "typescript-eslint": "^8.59.2",
    "vite": "^8.0.12"
  }
}
[0m
Tailwind v4 is in. Now let me check the scaffold files and then build everything.
[0m→ [0mRead app/vite.config.ts
[0m→ [0mRead app/src/main.tsx
[0m→ [0mRead app/index.html
Now I'll build the whole project. Setting up config files first:
[0m
[0m← [0mWrite app/vite.config.ts
Wrote file successfully.
[0m
[0m← [0mWrite app/index.html
Wrote file successfully.
[0m
Now the global stylesheet — Tailwind v4 + custom design tokens for our dark, emerald-accented premium tech theme:
[0m← [0mWrite app/src/index.css
Wrote file successfully.
[0m
Now the favicon — a simple geometric mark in our accent:
[0m→ [0mRead app/public/favicon.svg[90m [limit=5][0m
Replacing with a clean, custom mark:
[0m
[0m← [0mWrite app/public/favicon.svg
Wrote file successfully.
[0m
Now I'll build the App entry and component tree. Cleaning the leftover files first:
[0m$ [0mrm -f /project/app/src/App.css /project/app/src/assets/react.svg && ls /project/app/src/assets/ 2>/dev/null
hero.png
vite.svg
[0m
[0m$ [0mrm -f /project/app/src/assets/vite.svg /project/app/src/assets/hero.png /project/app/public/icons.svg && ls /project/app/src/assets/ /project/app/public/
/project/app/public/:
favicon.svg

/project/app/src/assets/:
[0m
Now the main App:
[0m← [0mWrite app/src/App.tsx
Wrote file successfully.
[0m
[0m$ [0mmkdir -p /project/app/src/components
(no output)
[0m
Now the components. Starting with **PointerGlow** — the mouse-following radial gradient overlay:
[0m← [0mWrite app/src/components/PointerGlow.tsx
Wrote file successfully.
[0m
**Nav** — glassmorphism floating top bar:
[0m← [0mWrite app/src/components/Nav.tsx
Wrote file successfully.
[0m
**Hero** — the visual centerpiece. The brief says "AI가 작동하는 모습" — I'll build a real interactive canvas showing an "agent network" graph that responds to pointer, with auto-routing connections. This is way better than a fake dashboard div.
[0m← [0mWrite app/src/components/Hero.tsx
Wrote file successfully.
[0m
**LogoWall** — real SVG logos from Simple Icons CDN, hoverable:
[0m← [0mWrite app/src/components/LogoWall.tsx
Wrote file successfully.
[0m
**BentoFeatures** — 5-cell asymmetric grid with real visual variation per the anti-slop rule:
[0m← [0mWrite app/src/components/BentoFeatures.tsx
Wrote file successfully.
[0m
**Workflow** — scroll-driven horizontal pan. The classic GSAP horizontal scroll-hijack pattern, with one section demonstrating the agent pipeline step by step:
[0m← [0mWrite app/src/components/Workflow.tsx
Wrote file successfully.
[0m
**Stats** — large display numbers section, no eyebrows, scrolly counters:
[0m← [0mWrite app/src/components/Stats.tsx
Wrote file successfully.
[0m
**CTA** — closing section, large typographic statement with magnetic button:
[0m← [0mWrite app/src/components/CTA.tsx
Wrote file successfully.
[0m
[0m← [0mWrite app/src/components/Footer.tsx
Wrote file successfully.
[0m
**Footer**:
Now let me run the build & lint to catch any TypeScript errors:
[0m$ [0mnpm run build 2>&1 | tail -60
> app@0.0.0 build
> tsc -b && vite build

src/components/Nav.tsx(1,29): error TS6133: 'useTransform' is declared but its value is never read.
[0m
[0m← [0mEdit app/src/components/Nav.tsx
Index: /project/app/src/components/Nav.tsx
===================================================================
--- /project/app/src/components/Nav.tsx
+++ /project/app/src/components/Nav.tsx
@@ -1,5 +1,5 @@
-import { motion, useScroll, useTransform } from "motion/react";
+import { motion, useScroll } from "motion/react";
 import { useEffect, useState } from "react";
 
 const items = [
   { label: "Product", href: "#features" },

[0m
[0m$ [0mnpm run build 2>&1 | tail -60
> app@0.0.0 build
> tsc -b && vite build

vite v8.0.16 building client environment for production...
[2Ktransforming...✓ 427 modules transformed.
rendering chunks...
computing gzip size...
dist/index.html                   0.74 kB │ gzip:   0.44 kB
dist/assets/index-DRJkhKgu.css   41.62 kB │ gzip:   8.26 kB
dist/assets/index-BxQlkaWU.js   370.19 kB │ gzip: 115.05 kB

✓ built in 271ms
[0m
Clean build. Let me also run lint:
[0m$ [0mnpm run lint 2>&1 | tail -30
> app@0.0.0 lint
> eslint .
[0m
[93m[1m! [0mpermission requested: external_directory (/tmp/*); auto-rejecting
