[0m
> build · MiniMaxAI/MiniMax-M3
[0m
I'll load the design taste skill first to ensure the output meets the anti-slop frontend standards.
[0m→ [0mSkill "design-taste-frontend"
Skill loaded. Now let me plan the design and check the workspace.
[0m
[0m$ [0mls -la /project
total 8
drwxr-xr-x    4 root     root           128 Jun  8 16:05 .
drwxr-xr-x    1 root     root          4096 Jun  8 16:05 ..
drwxr-xr-x    3 root     root            96 Jun  8 05:13 .agents
-rw-r--r--    1 root     root           250 Jun  8 16:05 session.log
[0m
[0m→ [0mRead session.log
Empty workspace. Let me read the rest of the skill content (sections 10+) to ensure I follow the pre-flight check rules.
[0m→ [0mRead /root/.local/share/opencode/tool-output/tool_ea7fb888f0018CROCKakNW0DnX[90m [offset=1, limit=800][0m
I have enough of the skill. Let me check the rest of the pre-flight check section quickly.
[0m→ [0mRead /root/.local/share/opencode/tool-output/tool_ea7fb888f0018CROCKakNW0DnX[90m [offset=613, limit=800][0m
[0m
[0m# [0mTodos
[•] Scaffold Vite + React + TypeScript + Tailwind v4 project
[ ] Install motion, phosphor-icons, configure Tailwind with custom theme
[ ] Build NavBar (glass, floating, single line)
[ ] Build Hero (typography + interactive canvas + CTA)
[ ] Build Trust strip (real SVG logos)
[ ] Build Bento Feature Showcase (asymmetric, 5 cells)
[ ] Add PointerGlow + Grain + ScrollReveal motion leaves
[ ] Build, verify, lint
[0m
I have the full skill. Let me set up the project. Now I have a clear plan.

**Design Read:** Premium consumer / AI product landing for design-conscious global audience, with a "Vercel or Stripe AI style" minimalist-cyberpunk language, leaning toward Tailwind v4 utilities + custom display type + restrained but cinematic motion (no AI-purple slop, but the user explicitly asked for cyberpunk neon, so I will execute it with intent).

**Dials:** VARIANCE 8, MOTION 7, DENSITY 3.
[0m$ [0mnode --version && npm --version
v22.22.3
10.9.8
[0m
[0m$ [0mnpm create vite@latest synapse -- --template react-ts -y 2>&1 | tail -20
npm warn exec The following package was not found and will be installed: create-vite@9.0.7

> npx
> create-vite synapse --template react-ts -y

│
◇  Scaffolding project in /project/synapse...
│
└  Done. Now run:

  cd synapse
  npm install
  npm run dev

npm notice
npm notice New major version of npm available! 10.9.8 -> 11.16.0
npm notice Changelog: https://github.com/npm/cli/releases/tag/v11.16.0
npm notice To update run: npm install -g npm@11.16.0
npm notice
[0m
[0m$ [0mls -la synapse
total 36
drwxr-xr-x   13 root     root           416 Jun  8 16:06 .
drwxr-xr-x    5 root     root           160 Jun  8 16:06 ..
-rw-r--r--    1 root     root           253 Jun  8 16:06 .gitignore
-rw-r--r--    1 root     root          2425 Jun  8 16:06 README.md
-rw-r--r--    1 root     root           591 Jun  8 16:06 eslint.config.js
-rw-r--r--    1 root     root           359 Jun  8 16:06 index.html
-rw-r--r--    1 root     root           709 Jun  8 16:06 package.json
drwxr-xr-x    4 root     root           128 Jun  8 16:06 public
drwxr-xr-x    7 root     root           224 Jun  8 16:06 src
-rw-r--r--    1 root     root           617 Jun  8 16:06 tsconfig.app.json
-rw-r--r--    1 root     root           119 Jun  8 16:06 tsconfig.json
-rw-r--r--    1 root     root           591 Jun  8 16:06 tsconfig.node.json
-rw-r--r--    1 root     root           161 Jun  8 16:06 vite.config.ts
[0m
[0m→ [0mRead synapse/package.json
[0m
[0m$ [0mnpm install 2>&1 | tail -10
added 152 packages, and audited 153 packages in 28s

42 packages are looking for funding
  run `npm fund` for details

found 0 vulnerabilities
[0m
[0m$ [0mnpm install tailwindcss@^4 @tailwindcss/vite motion @phosphor-icons/react 2>&1 | tail -10
added 23 packages, and audited 176 packages in 9s

44 packages are looking for funding
  run `npm fund` for details

found 0 vulnerabilities
[0m
[0m$ [0mcat package.json
{
  "name": "synapse",
  "private": true,
  "version": "0.0.0",
  "type": "module",
  "scripts": {
    "dev": "vite",
    "build": "tsc -b && vite build",
    "lint": "eslint .",
    "preview": "vite preview"
  },
  "dependencies": {
    "@phosphor-icons/react": "^2.1.10",
    "@tailwindcss/vite": "^4.3.0",
    "motion": "^12.40.0",
    "react": "^19.2.6",
    "react-dom": "^19.2.6",
    "tailwindcss": "^4.3.0"
  },
  "devDependencies": {
    "@eslint/js": "^10.0.1",
    "@types/node": "^24.12.3",
    "@types/react": "^19.2.14",
    "@types/react-dom": "^19.2.3",
    "@vitejs/plugin-react": "^6.0.1",
    "eslint": "^10.3.0",
    "eslint-plugin-react-hooks": "^7.1.1",
    "eslint-plugin-react-refresh": "^0.5.2",
    "globals": "^17.6.0",
    "typescript": "~6.0.2",
    "typescript-eslint": "^8.59.2",
    "vite": "^8.0.12"
  }
}
[0m
[0m# [0mTodos
[✓] Scaffold Vite + React + TypeScript + Tailwind v4 project
[•] Install motion, phosphor-icons, configure Tailwind with custom theme
[ ] Build NavBar (glass, floating, single line)
[ ] Build Hero (typography + interactive canvas + CTA)
[ ] Build Trust strip (real SVG logos)
[ ] Build Bento Feature Showcase (asymmetric, 5 cells)
[ ] Add PointerGlow + Grain + ScrollReveal motion leaves
[ ] Build, verify, lint
[0m
Now configure Vite + Tailwind v4 + set up the project structure.
[0m→ [0mRead synapse/vite.config.ts
[0m
[0m← [0mWrite synapse/vite.config.ts
Wrote file successfully.
[0m
[0m→ [0mRead synapse/src/main.tsx
[0m
[0m$ [0mls src
App.css
App.tsx
assets
index.css
main.tsx
[0m
[0m$ [0mrm -f src/App.css src/assets/*.svg && ls src && ls src/assets 2>/dev/null || true
App.tsx
assets
index.css
main.tsx
hero.png
[0m
[0m$ [0mrm -rf src/assets
(no output)
[0m
[0m$ [0mmkdir -p src/components src/components/effects src/components/sections src/lib src/data
(no output)
[0m
Now write the global stylesheet (Tailwind v4 `@import "tailwindcss"` with `@theme` and a typography/font-face setup).
[0m← [0mWrite synapse/src/index.css
Wrote file successfully.
[0m
Now write a small `cn` util and a `usePointerGlow` hook.
[0m← [0mWrite synapse/src/lib/cn.ts
Wrote file successfully.
[0m
Now the global pointer-glow effect (fixed pointer-events-none radial gradient that follows the cursor). This will live at the app root.
[0m← [0mWrite synapse/src/components/effects/PointerGlow.tsx
Wrote file successfully.
[0m
Wait — `motion.template` doesn't exist on `motion`. Let me fix this with a direct style object.
[0m← [0mWrite synapse/src/components/effects/PointerGlow.tsx
Wrote file successfully.
[0m
Now write the static grain layer (per skill rules: fixed, pointer-events-none, not on scrolling container).
[0m← [0mWrite synapse/src/components/effects/Grain.tsx
Wrote file successfully.
[0m
Now the NavBar (single line, glass, 64-72px tall).
[0m← [0mWrite synapse/src/components/NavBar.tsx
Wrote file successfully.
[0m
Now build the Hero canvas (the "AI working" visual). I'll do a real interactive canvas with neural-network-like nodes & connections reacting to pointer — no fake screenshot divs.
[0m← [0mWrite synapse/src/components/effects/HeroCanvas.tsx
Wrote file successfully.
[0m
Now the Hero section. The brief calls for 4 elements max (eyebrow, headline, subtext, CTA), with an interactive canvas + a neon glow CTA. I'll use a left-aligned hero with the canvas to the right (anti-center-bias).
[0m← [0mWrite synapse/src/components/sections/Hero.tsx
Wrote file successfully.
[0m
[0m← [0mWrite synapse/src/components/sections/TrustStrip.tsx
Wrote file successfully.
[0m
Now the trust strip with real SVG logos (Simple Icons CDN). Per rules: logo only, no category labels.
Now the Bento Feature Showcase. Per rules: 5 cells, no empty cells, at least 2-3 with real visual variation, no 3-equal-cards pattern. I'll do a 2/3 + 3/2 asymmetric split with visual variety.
[0m← [0mWrite synapse/src/components/sections/Bento.tsx
Wrote file successfully.
[0m
Now the section before Bento — a section that shows a kinetic text strip (the single allowed marquee on the page) — and after bento, a closing CTA section. This breaks layout repetition.
[0m← [0mWrite synapse/src/components/sections/Marquee.tsx
Wrote file successfully.
[0m
[0m← [0mWrite synapse/src/components/sections/ClosingCta.tsx
Wrote file successfully.
[0m
[0m← [0mWrite synapse/src/components/sections/Footer.tsx
Wrote file successfully.
[0m
Now wire it all up in App.tsx.
[0m→ [0mRead synapse/src/App.tsx
[0m
[0m← [0mWrite synapse/src/App.tsx
Wrote file successfully.
[0m
[0m→ [0mRead synapse/index.html
[0m
[0m← [0mWrite synapse/index.html
Wrote file successfully.
[0m
Now check the tsconfig for `verbatimModuleSyntax` (which forbids `useEffect` import without using, etc.) and run the build.
[0m→ [0mRead synapse/tsconfig.app.json
Strict config. Let me run a typecheck.
[0m
[0m$ [0mnpx tsc -b 2>&1 | head -80
src/components/sections/Bento.tsx(4,58): error TS6133: 'Command' is declared but its value is never read.
[0m
[0m← [0mEdit synapse/src/components/sections/Bento.tsx
Index: /project/synapse/src/components/sections/Bento.tsx
===================================================================
--- /project/synapse/src/components/sections/Bento.tsx
+++ /project/synapse/src/components/sections/Bento.tsx
@@ -1,8 +1,8 @@
 "use client";
 import { useRef } from "react";
 import { motion, useInView, useReducedMotion } from "motion/react";
-import { Lightning, ShieldCheck, ArrowsClockwise, Graph, Command } from "@phosphor-icons/react";
+import { Lightning, ShieldCheck, ArrowsClockwise, Graph } from "@phosphor-icons/react";
 
 const features = [
   {
     id: "speed",

[0m
[0m$ [0mnpx tsc -b 2>&1 | head -80
(no output)
[0m
Clean typecheck. Now run the build.
[0m$ [0mnpm run build 2>&1 | tail -40
> synapse@0.0.0 build
> tsc -b && vite build

vite v8.0.16 building client environment for production...
[2Ktransforming...✓ 4968 modules transformed.
✗ Build failed in 685ms
error during build:
Build failed with 1 error:

[plugin @tailwindcss/vite:generate:build] /project/synapse/src/index.css
Error: `@utility glow-border::before` defines an invalid utility name. Utilities should be alphanumeric and start with a lowercase letter.
    at file:///project/synapse/node_modules/tailwindcss/dist/lib.mjs:32:3856
    at $r (file:///project/synapse/node_modules/tailwindcss/dist/lib.mjs:3:1733)
    at I (file:///project/synapse/node_modules/tailwindcss/dist/lib.mjs:3:1377)
    at Hi (file:///project/synapse/node_modules/tailwindcss/dist/lib.mjs:32:2712)
    at async ma (file:///project/synapse/node_modules/tailwindcss/dist/lib.mjs:38:631)
    at async wf (file:///project/synapse/node_modules/tailwindcss/dist/lib.mjs:38:1406)
    at async su (file:///project/synapse/node_modules/@tailwindcss/node/dist/index.mjs:10:3457)
    at async _.generate (file:///project/synapse/node_modules/@tailwindcss/vite/dist/index.mjs:1:5621)
    at async TransformPluginContextImpl.handler (file:///project/synapse/node_modules/@tailwindcss/vite/dist/index.mjs:1:4342)
    at async plugin (file:///project/synapse/node_modules/rolldown/dist/shared/bindingify-input-options-ClrST5Xx.mjs:1185:16)
    at aggregateBindingErrorsIntoJsError (file:///project/synapse/node_modules/rolldown/dist/shared/error-BuvQYXuZ.mjs:48:18)
    at unwrapBindingResult (file:///project/synapse/node_modules/rolldown/dist/shared/error-BuvQYXuZ.mjs:18:128)
    at #build (file:///project/synapse/node_modules/rolldown/dist/shared/rolldown-build-CrPk_lZe.mjs:3246:34)
    at async buildEnvironment (file:///project/synapse/node_modules/vite/dist/node/chunks/node.js:33253:64)
    at async Object.build (file:///project/synapse/node_modules/vite/dist/node/chunks/node.js:33675:19)
    at async Object.buildApp (file:///project/synapse/node_modules/vite/dist/node/chunks/node.js:33672:153)
    at async CAC.<anonymous> (file:///project/synapse/node_modules/vite/dist/node/cli.js:777:3) {
  errors: [Getter/Setter]
}
[0m
[0m← [0mEdit synapse/src/index.css
Index: /project/synapse/src/index.css
===================================================================
--- /project/synapse/src/index.css
+++ /project/synapse/src/index.css
@@ -132,9 +132,9 @@
 @utility glow-border {
   position: relative;
   isolation: isolate;
 }
-@utility glow-border::before {
+.glow-border::before {
   content: "";
   position: absolute;
   inset: 0;
   padding: 1px;

[0m
Right — `@utility` syntax only accepts a single name. The `::before` I tried to use was a mistake. Let me fix the CSS so `glow-border` is a real utility and provides the pseudo via a class.
[0m$ [0mnpm run build 2>&1 | tail -30
> synapse@0.0.0 build
> tsc -b && vite build

vite v8.0.16 building client environment for production...
[2Ktransforming...✓ 4969 modules transformed.
rendering chunks...
computing gzip size...
dist/index.html                   1.07 kB │ gzip:   0.53 kB
dist/assets/index-DdSRXDLI.css   43.66 kB │ gzip:   7.73 kB
dist/assets/index-D5dIEsbo.js   378.82 kB │ gzip: 118.47 kB

✓ built in 497ms
[0m
Build passes. Now lint.
[0m$ [0mnpm run lint 2>&1 | tail -40
> synapse@0.0.0 lint
> eslint .
[0m
Clean lint. Let me start the dev server in the background and verify with a quick fetch.
[93m[1m! [0mpermission requested: external_directory (/tmp/*); auto-rejecting
