[0m
> build · MiniMaxAI/MiniMax-M3
[0m
이 작업은 design-taste-frontend 스킬의 사용 사양에 정확히 부합합니다. 스킬을 로드하겠습니다.
[0m→ [0mSkill "design-taste-frontend"
[0m
[0m$ [0mls /project
session.log
[0m
[0m# [0mTodos
[•] React + Vite + TypeScript 프로젝트 초기화 (Tailwind 포함)
[ ] 디자인 토큰 (colors, typography, radius) Tailwind config에 설정
[ ] Sidebar 컴포넌트 작성 (아이콘+텍스트 내비게이션)
[ ] TopBar 컴포넌트 작성 (검색, 알림, 프로필)
[ ] StatsCard x4 컴포넌트 (Row 1 KPI 카드)
[ ] PipelineChart 컴포넌트 (좌 2/3 바/라인 차트)
[ ] ActivityTimeline 컴포넌트 (우 1/3 타임라인/할일)
[ ] RecentCustomers 테이블 (Row 3, hover 상태)
[ ] 반응형 레이아웃 점검 및 빌드 검증
[0m
프로젝트가 비어있습니다. 처음부터 React + Vite + TypeScript + Tailwind 프로젝트를 구성하겠습니다.
**Design Read:** B2B CRM 대시보드, 정적 데이터 앱(Linear/Intercom 무드), 정보 밀도 높은 cockpit 스타일.

**Dials:** `VARIANCE: 4 / MOTION: 3 / DENSITY: 7` (정보 밀도 높음, 모션 최소, 규칙적 그리드)
[0m$ [0mnpm create vite@latest crm-dashboard -- --template react-ts -y 2>&1 | tail -20
npm warn exec The following package was not found and will be installed: create-vite@9.0.7

> npx
> create-vite crm-dashboard --template react-ts -y

│
◇  Scaffolding project in /project/crm-dashboard...
│
└  Done. Now run:

  cd crm-dashboard
  npm install
  npm run dev

npm notice
npm notice New major version of npm available! 10.9.8 -> 11.16.0
npm notice Changelog: https://github.com/npm/cli/releases/tag/v11.16.0
npm notice To update run: npm install -g npm@11.16.0
npm notice
[0m
[0m$ [0mnpm install 2>&1 | tail -5 && npm install -D tailwindcss@3.4.17 postcss autoprefixer && npm install phosphor-react 2>&1 | tail -5
42 packages are looking for funding
  run `npm fund` for details

found 0 vulnerabilities

added 66 packages, and audited 219 packages in 4s

60 packages are looking for funding
  run `npm fund` for details

found 0 vulnerabilities

60 packages are looking for funding
  run `npm fund` for details

found 0 vulnerabilities
[0m
[0m$ [0mnpx tailwindcss init -p 2>&1
Created Tailwind CSS config file: tailwind.config.js
Created PostCSS config file: postcss.config.js
[0m
[0m$ [0mls /project/crm-dashboard/src && rm -rf /project/crm-dashboard/src/assets /project/crm-dashboard/src/App.css /project/crm-dashboard/src/index.css
App.css
App.tsx
assets
index.css
main.tsx
[0m
[0m# [0mTodos
[✓] React + Vite + TypeScript 프로젝트 초기화 (Tailwind 포함)
[•] 디자인 토큰 (colors, typography, radius) Tailwind config에 설정
[ ] Sidebar 컴포넌트 작성 (아이콘+텍스트 내비게이션)
[ ] TopBar 컴포넌트 작성 (검색, 알림, 프로필)
[ ] StatsCard x4 컴포넌트 (Row 1 KPI 카드)
[ ] PipelineChart 컴포넌트 (좌 2/3 바/라인 차트)
[ ] ActivityTimeline 컴포넌트 (우 1/3 타임라인/할일)
[ ] RecentCustomers 테이블 (Row 3, hover 상태)
[ ] 반응형 레이아웃 점검 및 빌드 검증
[0m
[0m← [0mWrite crm-dashboard/tailwind.config.js
Wrote file successfully.
[0m
[0m← [0mWrite crm-dashboard/src/index.css
Wrote file successfully.
[0m
[0m→ [0mRead crm-dashboard/index.html
[0m
[0m← [0mWrite crm-dashboard/index.html
Wrote file successfully.
[0m
[0m→ [0mRead crm-dashboard/src/main.tsx
Good, main.tsx is fine. Now let me build the component tree.
[0m
[0m# [0mTodos
[✓] React + Vite + TypeScript 프로젝트 초기화 (Tailwind 포함)
[✓] 디자인 토큰 (colors, typography, radius) Tailwind config에 설정
[•] Sidebar 컴포넌트 작성 (아이콘+텍스트 내비게이션)
[ ] TopBar 컴포넌트 작성 (검색, 알림, 프로필)
[ ] StatsCard x4 컴포넌트 (Row 1 KPI 카드)
[ ] PipelineChart 컴포넌트 (좌 2/3 바/라인 차트)
[ ] ActivityTimeline 컴포넌트 (우 1/3 타임라인/할일)
[ ] RecentCustomers 테이블 (Row 3, hover 상태)
[ ] 반응형 레이아웃 점검 및 빌드 검증
[0m
[0m$ [0mmkdir -p /project/crm-dashboard/src/components/layout /project/crm-dashboard/src/components/dashboard /project/crm-dashboard/src/data /project/crm-dashboard/src/lib
(no output)
[0m
[0m← [0mWrite crm-dashboard/src/data/nav.ts
Wrote file successfully.
[0m
[0m← [0mWrite crm-dashboard/src/lib/utils.ts
Wrote file successfully.
[0m
[0m$ [0mnpm install clsx 2>&1 | tail -3
run `npm fund` for details

found 0 vulnerabilities
[0m
Now the Sidebar component:
[0m← [0mWrite crm-dashboard/src/components/layout/Sidebar.tsx
Wrote file successfully.
[0m
[0m← [0mWrite crm-dashboard/src/components/layout/TopBar.tsx
Wrote file successfully.
[0m
Now TopBar:
Now StatCard:
[0m← [0mWrite crm-dashboard/src/components/dashboard/StatCard.tsx
Wrote file successfully.
[0m
Now PipelineChart (custom SVG bar chart, no lib):
[0m← [0mWrite crm-dashboard/src/components/dashboard/PipelineChart.tsx
Wrote file successfully.
[0m
Now ActivityTimeline:
[0m← [0mWrite crm-dashboard/src/components/dashboard/ActivityPanel.tsx
Wrote file successfully.
[0m
[0m← [0mWrite crm-dashboard/src/components/dashboard/RecentCustomers.tsx
Wrote file successfully.
[0m
Now the customers table:
Now wire up the App:
[0m← [0mWrite crm-dashboard/src/App.tsx
Wrote file successfully.
[0m
Now build and verify:
[0m$ [0mnpm run build 2>&1 | tail -30
> crm-dashboard@0.0.0 build
> tsc -b && vite build

vite v8.0.16 building client environment for production...
[2Ktransforming...✓ 1076 modules transformed.
rendering chunks...
computing gzip size...
dist/index.html                   0.58 kB │ gzip:  0.34 kB
dist/assets/index-B0hjYx3s.css   18.29 kB │ gzip:  4.46 kB
dist/assets/index-CHi6RNh8.js   322.02 kB │ gzip: 77.03 kB

✓ built in 910ms
[0m
Build clean. Let me also verify it runs in dev and check for any TypeScript issues:
[0m$ [0mnpx tsc --noEmit 2>&1 | tail -10
(no output)
[0m
Type check passes. Let me also start the dev server briefly to confirm runtime:
[0m$ [0mtimeout 6 npm run dev 2>&1 | head -20 || true
> crm-dashboard@0.0.0 dev
> vite


  VITE v8.0.16  ready in 279 ms

  ➜  Local:   http://localhost:5173/
  ➜  Network: use --host to expose
[0m
Dev server boots cleanly.
[0m# [0mTodos
[✓] React + Vite + TypeScript 프로젝트 초기화 (Tailwind 포함)
[✓] 디자인 토큰 (colors, typography, radius) Tailwind config에 설정
[✓] Sidebar 컴포넌트 작성 (아이콘+텍스트 내비게이션)
[✓] TopBar 컴포넌트 작성 (검색, 알림, 프로필)
[✓] StatsCard x4 컴포넌트 (Row 1 KPI 카드)
[✓] PipelineChart 컴포넌트 (좌 2/3 바/라인 차트)
[✓] ActivityTimeline 컴포넌트 (우 1/3 타임라인/할일)
[✓] RecentCustomers 테이블 (Row 3, hover 상태)
[✓] 반응형 레이아웃 점검 및 빌드 검증
[0m
