[0m
> build · MiniMaxAI/MiniMax-M3
[0m
I'll create a B2B SaaS CRM dashboard following the Linear/Intercom style. Let me first check the project structure.
[0m$ [0mls -la /project
total 8
drwxr-xr-x    4 root     root           128 Jun  8 15:47 .
drwxr-xr-x    1 root     root          4096 Jun  8 15:47 ..
drwxr-xr-x    3 root     root            96 Jun  8 05:13 .agents
-rw-r--r--    1 root     root           158 Jun  8 15:47 session.log
[0m
[0m$ [0mls -la /project/.agents && cat /project/session.log
total 0
drwxr-xr-x    3 root     root            96 Jun  8 05:13 .
drwxr-xr-x    4 root     root           128 Jun  8 15:47 ..
drwxr-xr-x    3 root     root            96 Jun  8 05:13 skills
[0m
> build · MiniMaxAI/MiniMax-M3
[0m
I'll create a B2B SaaS CRM dashboard following the Linear/Intercom style. Let me first check the project structure.
[0m
Empty project. Let me scaffold a Vite + React + TS + Tailwind project.
[0m$ [0mnode --version && npm --version
v22.22.3
10.9.8
[0m
[0m$ [0mnpm create vite@latest crm-dashboard -- --template react-ts -y 2>&1 | tail -20
npm warn exec The following package was not found and will be installed: create-vite@9.0.7

> npx
> create-vite crm-dashboard --template react-ts -y

│
◇  Scaffolding project in /project/crm-dashboard...
│
└  Done. Now run:

  cd crm-dashboard
  npm install
  npm run dev

npm notice
npm notice New major version of npm available! 10.9.8 -> 11.16.0
npm notice Changelog: https://github.com/npm/cli/releases/tag/v11.16.0
npm notice To update run: npm install -g npm@11.16.0
npm notice
[0m
[0m$ [0mnpm install 2>&1 | tail -5
42 packages are looking for funding
  run `npm fund` for details

found 0 vulnerabilities
[0m
[0m$ [0mnpm install -D tailwindcss@^3.4.0 postcss autoprefixer && npm install lucide-react clsx 2>&1 | tail -5
added 65 packages, and audited 218 packages in 4s

59 packages are looking for funding
  run `npm fund` for details

found 0 vulnerabilities

59 packages are looking for funding
  run `npm fund` for details

found 0 vulnerabilities
[0m
[0m$ [0mnpx tailwindcss init -p 2>&1
Created Tailwind CSS config file: tailwind.config.js
Created PostCSS config file: postcss.config.js
[0m
[0m→ [0mRead crm-dashboard/tailwind.config.js
[0m
[0m← [0mWrite crm-dashboard/tailwind.config.js
Wrote file successfully.
[0m
[0m→ [0mRead crm-dashboard/src/index.css
[0m
[0m← [0mWrite crm-dashboard/src/index.css
Wrote file successfully.
[0m
[0m→ [0mRead crm-dashboard/src/App.tsx
[0m
[0m$ [0mls /project/crm-dashboard/src
App.css
App.tsx
assets
index.css
main.tsx
[0m
Now I'll build the full CRM dashboard. Let me set up the component structure.
[0m← [0mWrite crm-dashboard/src/main.tsx
Wrote file successfully.
[0m
[0m$ [0mrm /project/crm-dashboard/src/App.css && mkdir -p /project/crm-dashboard/src/components/layout /project/crm-dashboard/src/components/dashboard /project/crm-dashboard/src/components/ui /project/crm-dashboard/src/lib /project/crm-dashboard/src/data
(no output)
[0m
[0m← [0mWrite crm-dashboard/src/lib/utils.ts
Wrote file successfully.
[0m
[0m← [0mWrite crm-dashboard/src/data/mock.ts
Wrote file successfully.
[0m
[0m← [0mWrite crm-dashboard/src/components/ui/Card.tsx
Wrote file successfully.
[0m
Now let me build the UI primitives.
[0m← [0mWrite crm-dashboard/src/components/ui/Button.tsx
Wrote file successfully.
[0m
[0m← [0mWrite crm-dashboard/src/components/ui/Badge.tsx
Wrote file successfully.
[0m
[0m← [0mWrite crm-dashboard/src/components/ui/Avatar.tsx
Wrote file successfully.
[0m
[0m✗ [0mInvalid Tool
The arguments provided to the tool are invalid: Invalid input for tool write: JSON parsing failed: Text: {"content": "import type { SVGProps } from \"react\";\n\ntype IconProps = SVGProps<SVGSVGElement> & { size?: number };\n\nconst base = (props: IconProps) => ({\n  width: props.size ?? 16,\n  height: props.size ?? 16,\n  viewBox: \"0 0 24 24\",\n  fill: \"none\",\n  stroke: \"currentColor\",\n  strokeWidth: 1.75,\n  strokeLinecap: \"round\" as const,\n  strokeLinejoin: \"round\" as const,\n});\n\nexport const LayoutDashboardIcon = (p: IconProps) => (\n  <svg {...base(p)} {...p}>\n    <rect x=\"3\" y=\"3\" width=\"7\" height=\"9\" rx=\"1.5\" />\n    <rect x=\"14\" y=\"3\" width=\"7\" height=\"5\" rx=\"1.5\" />\n    <rect x=\"14\" y=\"12\" width=\"7\" height=\"9\" rx=\"1.5\" />\n    <rect x=\"3\" y=\"16\" width=\"7\" height=\"5\" rx=\"1.5\" />\n  </svg>\n);\n\nexport const UsersIcon = (p: IconProps) => (\n  <svg {...base(p)} {...p}>\n    <path d=\"M16 21v-2a4 4 0 0 0-4-4H6a4 4 0 0 0-4 4v2\" />\n    <circle cx=\"9\" cy=\"7\" r=\"4\" />\n    <path d=\"M22 21v-2a4 4 0 0 0-3-3.87\" />\n    <path d=\"M16 3.13a4 4 0 0 1 0 7.75\" />\n  </svg>\n);\n\nexport const GitBranchIcon = (p: IconProps) => (\n  <svg {...base(p)} {...p}>\n    <line x1=\"6\" y1=\"3\" x2=\"6\" y2=\"15\" />\n    <circle cx=\"18\" cy=\"6\" r=\"3\" />\n    <circle cx=\"6\" cy=\"18\" r=\"3\" />\n    <path d=\"M18 9a9 9 0 0 1-9 9\" />\n  </svg>\n);\n\nexport const BriefcaseIcon = (p: IconProps) => (\n  <svg {...base(p)} {...p}>\n    <rect x=\"2\" y=\"7\" width=\"20\" height=\"14\" rx=\"2\" />\n    <path d=\"M16 21V5a2 2 0 0 0-2-2h-4a2 2 0 0 0-2 2v16\" />\n  </svg>\n);\n\nexport const CheckSquareIcon = (p: IconProps) => (\n  <svg {...base(p)} {...p}>\n    <polyline points=\"9 11 12 14 22 4\" />\n    <path d=\"M21 12v7a2 2 0 0 1-2 2H5a2 2 0 0 1-2-2V5a2 2 0 0 1 2-2h11\" />\n  </svg>\n);\n\nexport const BarChartIcon = (p: IconProps) => (\n  <svg {...base(p)} {...p}>\n    <line x1=\"12\" y1=\"20\" x2=\"12\" y2=\"10\" />\n    <line x1=\"18\" y1=\"20\" x2=\"18\" y2=\"4\" />\n    <line x1=\"6\" y1=\"20\" x2=\"6\" y2=\"16\" />\n  </svg>\n);\n\nexport const PlugIcon = (p: IconProps) => (\n  <svg {...base(p)} {...p}>\n    <path d=\"M12 22v-5\" />\n    <path d=\"M9 8V2\" />\n    <path d=\"M15 8V2\" />\n    <path d=\"M18 8v4a4 4 0 0 1-4 4h-4a4 4 0 0 1-4-4V8h12z\" />\n  </svg>\n);\n\nexport const SettingsIcon = (p: IconProps) => (\n  <svg {...base(p)} {...p}>\n    <circle cx=\"12\" cy=\"12\" r=\"3\" />\n    <path d=\"M19.4 15a1.65 1.65 0 0 0 .33 1.82l.06.06a2 2 0 1 1-2.83 2.83l-.06-.06a1.65 1.65 0 0 0-1.82-.33 1.65 1.65 0 0 0-1 1.51V21a2 2 0 0 1-4 0v-.09a1.65 1.65 0 0 0-1-1.51 1.65 1.65 0 0 0-1.82.33l-.06.06a2 2 0 1 1-2.83-2.83l.06-.06a1.65 1.65 0 0 0 .33-1.82 1.65 1.65 0 0 0-1.51-1H3a2 2 0 0 1 0-4h.09a1.65 1.65 0 0 0 1.51-1 1.65 1.65 0 0 0-.33-1.82l-.06-.06a2 2 0 1 1 2.83-2.83l.06.06a1.65 1.65 0 0 0 1.82.33H9a1.65 1.65 0 0 0 1-1.51V3a2 2 0 0 1 4 0v.09a1.65 1.65 0 0 0 1 1.51 1.65 1.65 0 0 0 1.82-.33l.06-.06a2 2 0 1 1 2.83 2.83l-.06.06a1.65 1.65 0 0 0-.33 1.82V9a1.65 1.65 0 0 0 1.51 1H21a2 2 0 0 1 0 4h-.09a1.65 1.65 0 0 0-1.51 1z\" />\n  </svg>\n);\n\nexport const LifeBuoyIcon = (p: IconProps) => (\n  <svg {...base(p)} {...p}>\n    <circle cx=\"12\" cy=\"12\" r=\"10\" />\n    <circle cx=\"12\" cy=\"12\" r=\"4\" />\n    <line x1=\"4.93\" y1=\"4.93\" x2=\"9.17\" y2=\"9.17\" />\n    <line x1=\"14.83\" y1=\"14.83\" x2=\"19.07\" y2=\"19.07\" />\n    <line x1=\"14.83\" y1=\"9.17\" x2=\"19.07\" y2=\"4.93\" />\n    <line x1=\"14.83\" y1=\"9.17\" x2=\"18.36\" y2=\"5.64\" />\n    <line x1=\"4.93\" y1=\"19.07\" x2=\"9.17\" y2=\"14.83\" />\n  </svg>\n);\n\nexport const SearchIcon = (p: IconProps) => (\n  <svg {...base(p)} {...p}>\n    <circle cx=\"11\" cy=\"11\" r=\"8\" />\n    <line x1=\"21\" y1=\"21\" x2=\"16.65\" y2=\"16.65\" />\n  </svg>\n);\n\nexport const BellIcon = (p: IconProps) => (\n .
Error message: JSON Parse error: Unterminated string
[0m
I'll use lucide-react which is already installed instead of hand-rolling icons.
[0m← [0mWrite crm-dashboard/src/components/ui/icons.ts
Wrote file successfully.
[0m
Now the layout components.
[0m← [0mWrite crm-dashboard/src/components/layout/Sidebar.tsx
Wrote file successfully.
[0m
[0m← [0mWrite crm-dashboard/src/components/layout/TopBar.tsx
Wrote file successfully.
[0m
[0m← [0mWrite crm-dashboard/src/components/ui/PageHeader.tsx
Wrote file successfully.
[0m
[0m← [0mWrite crm-dashboard/src/components/dashboard/StatGrid.tsx
Wrote file successfully.
[0m
Now the dashboard widgets.
[0m← [0mWrite crm-dashboard/src/components/dashboard/PipelineChart.tsx
Wrote file successfully.
[0m
[0m← [0mWrite crm-dashboard/src/components/dashboard/ActivityTimeline.tsx
Wrote file successfully.
[0m
[0m← [0mWrite crm-dashboard/src/components/dashboard/TodoList.tsx
Wrote file successfully.
[0m
[0m← [0mWrite crm-dashboard/src/components/dashboard/CustomerTable.tsx
Wrote file successfully.
[0m
Now wire it all up in App.tsx.
[0m← [0mWrite crm-dashboard/src/App.tsx
Wrote file successfully.
[0m
[0m→ [0mRead crm-dashboard/index.html
[0m
[0m← [0mWrite crm-dashboard/index.html
Wrote file successfully.
[0m
Let me run the typecheck/build to verify.
[0m$ [0mnpx tsc --noEmit 2>&1 | head -50
(no output)
[0m
[0m$ [0mnpm run build 2>&1 | tail -20
> crm-dashboard@0.0.0 build
> tsc -b && vite build

src/components/dashboard/PipelineChart.tsx(4,10): error TS6133: 'ChevronDown' is declared but its value is never read.
[0m
[0m← [0mEdit crm-dashboard/src/components/dashboard/PipelineChart.tsx
Index: /project/crm-dashboard/src/components/dashboard/PipelineChart.tsx
===================================================================
--- /project/crm-dashboard/src/components/dashboard/PipelineChart.tsx
+++ /project/crm-dashboard/src/components/dashboard/PipelineChart.tsx
@@ -1,8 +1,8 @@
 import { useState } from "react";
 import { Card, CardHeader } from "../ui/Card";
 import { Button } from "../ui/Button";
-import { ChevronDown, MoreHorizontal } from "../ui/icons";
+import { MoreHorizontal } from "../ui/icons";
 import { pipelineTrend, pipelineStages } from "../../data/mock";
 
 const ranges = ["7D", "30D", "3M", "12M"] as const;
 type Range = (typeof ranges)[number];

[0m
[0m$ [0mnpm run build 2>&1 | tail -20
> crm-dashboard@0.0.0 build
> tsc -b && vite build

vite v8.0.16 building client environment for production...
[2Ktransforming...✓ 1756 modules transformed.
rendering chunks...
computing gzip size...
dist/index.html                   0.75 kB │ gzip:  0.41 kB
dist/assets/index-CIOO6AG3.css   20.38 kB │ gzip:  4.73 kB
dist/assets/index-Cvv0SeFI.js   222.90 kB │ gzip: 69.14 kB

✓ built in 984ms
[0m
Build succeeds. Let me also verify dev server boots cleanly.
[0m$ [0mtimeout 8 npx vite --port 5173 --host 0.0.0.0 2>&1 | head -15 || true
VITE v8.0.16  ready in 186 ms

  ➜  Local:   http://localhost:5173/
  ➜  Network: http://172.17.0.11:5173/
[0m
