[0m
> build · MiniMaxAI/MiniMax-M3
[0m
[0m$ [0mls -la /project
total 8
drwxr-xr-x    4 root     root           128 Jun  8 16:24 .
drwxr-xr-x    1 root     root          4096 Jun  8 16:24 ..
drwxr-xr-x    3 root     root            96 Jun  8 05:13 .agents
-rw-r--r--    1 root     root            42 Jun  8 16:24 session.log
[0m
[0m→ [0mSkill "ui-ux-pro-max"
[0m
[0m$ [0mls /project/.agents/skills/ui-ux-pro-max-skill/scripts/ 2>/dev/null && python3 --version
(no output)
[0m
[0m$ [0mls /project/.agents/skills/ui-ux-pro-max-skill/ 2>/dev/null; python3 --version 2>&1 || python --version 2>&1
SKILL.md
/bin/sh: python3: not found
/bin/sh: python: not found
[0m
[0m# [0mTodos
[•] Initialize Vite + React + TypeScript + Tailwind project structure
[ ] Set up Tailwind config with cyberpunk dark theme tokens
[ ] Build Navbar with Glassmorphism floating top bar
[ ] Build Hero section with massive neon gradient typography + interactive canvas
[ ] Build Feature Showcase with asymmetric Bento Grid
[ ] Add mouse-tracking gradient overlay, scroll fade-in animations, responsive design
[0m
[0m$ [0mmkdir -p /project/aurora-ai/src/components /project/aurora-ai/src/hooks /project/aurora-ai/src/styles /project/aurora-ai/public && ls /project/aurora-ai
public
src
[0m
[0m← [0mWrite aurora-ai/package.json
Wrote file successfully.
[0m
[0m← [0mWrite aurora-ai/tsconfig.json
Wrote file successfully.
[0m
[0m← [0mWrite aurora-ai/vite.config.ts
Wrote file successfully.
[0m
[0m← [0mWrite aurora-ai/postcss.config.js
Wrote file successfully.
[0m
[0m← [0mWrite aurora-ai/tailwind.config.js
Wrote file successfully.
[0m
[0m← [0mWrite aurora-ai/index.html
Wrote file successfully.
[0m
[0m← [0mWrite aurora-ai/public/favicon.svg
Wrote file successfully.
[0m
[0m← [0mWrite aurora-ai/src/styles/index.css
Wrote file successfully.
[0m
[0m← [0mWrite aurora-ai/src/main.tsx
Wrote file successfully.
[0m
Now let's build the custom hooks for mouse tracking and scroll reveal.
[0m← [0mWrite aurora-ai/src/hooks/useMousePosition.ts
Wrote file successfully.
[0m
[0m← [0mWrite aurora-ai/src/hooks/useInView.ts
Wrote file successfully.
[0m
[0m← [0mWrite aurora-ai/src/hooks/useScrollProgress.ts
Wrote file successfully.
[0m
Now let's build the components.
[0m← [0mWrite aurora-ai/src/components/Navbar.tsx
Wrote file successfully.
[0m
Now the centerpiece — the interactive hero canvas with neural network / particle visualization.
[0m← [0mWrite aurora-ai/src/components/NeuralCanvas.tsx
Wrote file successfully.
[0m
[0m← [0mWrite aurora-ai/src/components/Hero.tsx
Wrote file successfully.
[0m
[0m← [0mWrite aurora-ai/src/components/Features.tsx
Wrote file successfully.
[0m
Now the Bento Grid feature showcase.
Now the cursor follower and main App.
[0m← [0mWrite aurora-ai/src/components/CursorGlow.tsx
Wrote file successfully.
[0m
[0m← [0mWrite aurora-ai/src/components/ScrollProgressBar.tsx
Wrote file successfully.
[0m
[0m← [0mWrite aurora-ai/src/components/Footer.tsx
Wrote file successfully.
[0m
[0m← [0mWrite aurora-ai/src/App.tsx
Wrote file successfully.
[0m
[0m# [0mTodos
[✓] Initialize Vite + React + TypeScript + Tailwind project structure
[✓] Set up Tailwind config with cyberpunk dark theme tokens
[✓] Build Navbar with Glassmorphism floating top bar
[✓] Build Hero section with massive neon gradient typography + interactive canvas
[✓] Build Feature Showcase with asymmetric Bento Grid
[✓] Add mouse-tracking gradient overlay, scroll fade-in animations, responsive design
[0m
