[0m
> build ¬∑ MiniMaxAI/MiniMax-M3
[0m
žā¨žö©žěźÍįÄ žöĒž≤≠Ūēú žěĎžóÖžĚĄ žßĄŪĖČŪēėÍ≤†žäĶŽčąŽč§. Ž®ľž†Ä žěĎžóÖ Í≥ĄŪöćžĚĄ žĄłžöįÍ≥† ŪĒĄŽ°úž†ĚŪäł ÍĶ¨ž°įŽ•ľ ŪôēžĚłŪēīŽ≥īÍ≤†žäĶŽčąŽč§.
[0m# [0mTodos
[‚ÄĘ] Explore project structure
[ ] Setup Vite + React + TS + Tailwind project
[ ] Configure Tailwind with custom theme (colors, fonts, animations)
[ ] Build Navigation component (Glassmorphism floating top bar)
[ ] Build Hero section with mouse-following gradient & interactive canvas
[ ] Build Bento Grid Feature Showcase section
[ ] Add scroll-triggered fade/slide animations
[ ] Ensure responsive layout
[ ] Verify build and run dev server
[0m
[0m$ [0mls -la /project
total 12
drwxr-xr-x    4 root     root           128 Jun  8 17:15 .
drwxr-xr-x    1 root     root          4096 Jun  8 17:15 ..
-rw-r--r--    1 root     root           432 Jun  8 05:13 DESIGN.md
-rw-r--r--    1 root     root           646 Jun  8 17:15 session.log
[0m
[0m‚Üí [0mRead DESIGN.md
The DESIGN.md describes a light theme which conflicts with the dark cyberpunk theme requested. The user explicitly asked for a dark cyberpunk theme, so I'll follow the user's request and override the existing design system. Let me set up the project.
[0m
[0m$ [0mnode --version && npm --version
v22.22.3
10.9.8
[0m
[0m# [0mTodos
[‚úď] Explore project structure
[‚ÄĘ] Setup Vite + React + TS + Tailwind project
[ ] Configure Tailwind with custom theme (colors, fonts, animations)
[ ] Build Navigation component (Glassmorphism floating top bar)
[ ] Build Hero section with mouse-following gradient & interactive canvas
[ ] Build Bento Grid Feature Showcase section
[ ] Add scroll-triggered fade/slide animations
[ ] Ensure responsive layout
[ ] Verify build and run dev server
[0m
[0m$ [0mnpm create vite@latest app -- --template react-ts -y 2>&1 | tail -20
npm warn exec The following package was not found and will be installed: create-vite@9.0.7

> npx
> create-vite app --template react-ts -y

‚Ēā
‚óá  Scaffolding project in /project/app...
‚Ēā
‚ĒĒ  Done. Now run:

  cd app
  npm install
  npm run dev

npm notice
npm notice New major version of npm available! 10.9.8 -> 11.16.0
npm notice Changelog: https://github.com/npm/cli/releases/tag/v11.16.0
npm notice To update run: npm install -g npm@11.16.0
npm notice
[0m
[0m$ [0mnpm install 2>&1 | tail -5
42 packages are looking for funding
  run `npm fund` for details

found 0 vulnerabilities
[0m
[0m$ [0mnpm install -D tailwindcss@3.4.17 postcss autoprefixer 2>&1 | tail -5
60 packages are looking for funding
  run `npm fund` for details

found 0 vulnerabilities
[0m
[0m$ [0mnpx tailwindcss init -p 2>&1
Created Tailwind CSS config file: tailwind.config.js
Created PostCSS config file: postcss.config.js
[0m
[0m$ [0mls -la
total 168
drwxr-xr-x   17 root     root           544 Jun  8 17:16 .
drwxr-xr-x    5 root     root           160 Jun  8 17:15 ..
-rw-r--r--    1 root     root           253 Jun  8 17:15 .gitignore
-rw-r--r--    1 root     root          2425 Jun  8 17:15 README.md
-rw-r--r--    1 root     root           591 Jun  8 17:15 eslint.config.js
-rw-r--r--    1 root     root           355 Jun  8 17:15 index.html
drwxr-xr-x  171 root     root          5472 Jun  8 17:16 node_modules
-rw-r--r--    1 root     root        125373 Jun  8 17:16 package-lock.json
-rw-r--r--    1 root     root           792 Jun  8 17:16 package.json
-rw-r--r--    1 root     root            80 Jun  8 17:16 postcss.config.js
drwxr-xr-x    4 root     root           128 Jun  8 17:15 public
drwxr-xr-x    7 root     root           224 Jun  8 17:15 src
-rw-r--r--    1 root     root           126 Jun  8 17:16 tailwind.config.js
-rw-r--r--    1 root     root           617 Jun  8 17:15 tsconfig.app.json
-rw-r--r--    1 root     root           119 Jun  8 17:15 tsconfig.json
-rw-r--r--    1 root     root           591 Jun  8 17:15 tsconfig.node.json
-rw-r--r--    1 root     root           161 Jun  8 17:15 vite.config.ts
[0m
[0m$ [0mls -la src/
total 16
drwxr-xr-x    7 root     root           224 Jun  8 17:15 .
drwxr-xr-x   17 root     root           544 Jun  8 17:16 ..
-rw-r--r--    1 root     root          2891 Jun  8 17:15 App.css
-rw-r--r--    1 root     root          3646 Jun  8 17:15 App.tsx
drwxr-xr-x    5 root     root           160 Jun  8 17:15 assets
-rw-r--r--    1 root     root          2169 Jun  8 17:15 index.css
-rw-r--r--    1 root     root           230 Jun  8 17:15 main.tsx
[0m
[0m# [0mTodos
[‚úď] Explore project structure
[‚úď] Setup Vite + React + TS + Tailwind project
[‚ÄĘ] Configure Tailwind with custom theme (colors, fonts, animations)
[ ] Build Navigation component (Glassmorphism floating top bar)
[ ] Build Hero section with mouse-following gradient & interactive canvas
[ ] Build Bento Grid Feature Showcase section
[ ] Add scroll-triggered fade/slide animations
[ ] Ensure responsive layout
[ ] Verify build and run dev server
[0m
Now let me configure Tailwind with the custom theme:
[0m‚Üź [0mWrite app/tailwind.config.js
Wrote file successfully.
[0m
[0m‚Üí [0mRead app/postcss.config.js
Good. Now let me update the index.html and index.css:
[0m‚Üí [0mRead app/index.html
[0m
[0m‚Üź [0mWrite app/index.html
Wrote file successfully.
[0m
[0m‚Üź [0mWrite app/src/index.css
Wrote file successfully.
[0m
Now let me set up the project structure with components:
[0m$ [0mmkdir -p src/components src/components/ui src/components/sections src/hooks src/lib
(no output)
[0m
[0m‚Üí [0mRead app/src/main.tsx
Let me create the hooks first - one for scroll-reveal and one for mouse position:
[0m
[0m‚Üź [0mWrite app/src/hooks/useReveal.ts
Wrote file successfully.
[0m
[0m‚Üź [0mWrite app/src/hooks/useMousePosition.ts
Wrote file successfully.
[0m
[0m‚Üź [0mWrite app/src/hooks/useScrollProgress.ts
Wrote file successfully.
[0m
[0m‚Üź [0mWrite app/src/lib/cn.ts
Wrote file successfully.
[0m
[0m‚Üź [0mWrite app/src/components/Navigation.tsx
Wrote file successfully.
[0m
Now let me build the components. Starting with the Navigation:
[0m‚Üź [0mWrite app/src/components/sections/NeuralCanvas.tsx
Wrote file successfully.
[0m
Now let me build the interactive visual canvas for the hero - using a particle/neural network effect:
Now let me build the cursor-following gradient background:
[0m‚Üź [0mWrite app/src/components/sections/CursorGlow.tsx
Wrote file successfully.
[0m
Now let me build the Hero section:
[0m‚Üź [0mWrite app/src/components/sections/Hero.tsx
Wrote file successfully.
[0m
Now let me build the Bento Grid Feature Showcase section:
[0m‚Üź [0mWrite app/src/components/sections/Features.tsx
Wrote file successfully.
[0m
Now let me add a few more sections (logo marquee, footer) and assemble the main App:
[0m‚Üź [0mWrite app/src/components/sections/LogoMarquee.tsx
Wrote file successfully.
[0m
[0m‚Üź [0mWrite app/src/components/sections/CTA.tsx
Wrote file successfully.
[0m
[0m‚Üź [0mWrite app/src/components/sections/Footer.tsx
Wrote file successfully.
[0m
Now let me wire up the App and update the title etc:
[0m‚Üź [0mWrite app/src/App.tsx
Wrote file successfully.
[0m
Let me also remove the App.css that came by default since we're using Tailwind:
[0m$ [0mrm -f src/App.css && ls src/
App.tsx
assets
components
hooks
index.css
lib
main.tsx
[0m
Let me also check the vite config to make sure everything compiles fine:
[0m‚Üí [0mRead app/vite.config.ts
[0m
[0m# [0mTodos
[‚úď] Explore project structure
[‚úď] Setup Vite + React + TS + Tailwind project
[‚úď] Configure Tailwind with custom theme (colors, fonts, animations)
[‚úď] Build Navigation component (Glassmorphism floating top bar)
[‚úď] Build Hero section with mouse-following gradient & interactive canvas
[‚úď] Build Bento Grid Feature Showcase section
[‚úď] Add scroll-triggered fade/slide animations
[‚úď] Ensure responsive layout
[‚ÄĘ] Verify build and run dev server
[0m
Now let me run a build to validate everything compiles correctly:
[0m$ [0mnpm run build 2>&1 | tail -50
> app@0.0.0 build
> tsc -b && vite build

src/components/Navigation.tsx(2,20): error TS2307: Cannot find module '../../lib/cn' or its corresponding type declarations.
[0m
[0m$ [0mls src/lib/ src/components/
src/components/:
Navigation.tsx
sections
ui

src/lib/:
cn.ts
[0m
The file exists. The issue might be with tsconfig. Let me check:
[0m‚Üí [0mRead app/tsconfig.app.json
I see - `verbatimModuleSyntax: true` requires explicit `.ts` extension for relative imports. Let me fix the imports:
[0m
[0m‚Üź [0mEdit app/src/components/Navigation.tsx
Index: /project/app/src/components/Navigation.tsx
===================================================================
--- /project/app/src/components/Navigation.tsx
+++ /project/app/src/components/Navigation.tsx
@@ -1,6 +1,6 @@
 import { useEffect, useState } from "react";
-import { cn } from "../../lib/cn";
+import { cn } from "../lib/cn.ts";
 
 const navItems = [
   { label: "Product", href: "#product" },
   { label: "Features", href: "#features" },

[0m
[0m‚Üź [0mEdit app/src/components/sections/NeuralCanvas.tsx
Index: /project/app/src/components/sections/NeuralCanvas.tsx
===================================================================
--- /project/app/src/components/sections/NeuralCanvas.tsx
+++ /project/app/src/components/sections/NeuralCanvas.tsx
@@ -1,6 +1,6 @@
 import { useEffect, useRef } from "react";
-import { useMousePosition } from "../../hooks/useMousePosition";
+import { useMousePosition } from "../hooks/useMousePosition.ts";
 
 type Particle = {
   x: number;
   y: number;

[0m
Wait - NeuralCanvas is in `src/components/sections/`, so hooks is in `src/hooks/`. The path should be `../../hooks/...`. Let me check:
[0m$ [0mls src/hooks/
useMousePosition.ts
useReveal.ts
useScrollProgress.ts
[0m
So from `src/components/sections/NeuralCanvas.tsx`, the path to `src/hooks/` is `../../hooks/`. Let me fix that:
[0m‚Üź [0mEdit app/src/components/sections/NeuralCanvas.tsx
Index: /project/app/src/components/sections/NeuralCanvas.tsx
===================================================================
--- /project/app/src/components/sections/NeuralCanvas.tsx
+++ /project/app/src/components/sections/NeuralCanvas.tsx
@@ -1,6 +1,6 @@
 import { useEffect, useRef } from "react";
-import { useMousePosition } from "../hooks/useMousePosition.ts";
+import { useMousePosition } from "../../hooks/useMousePosition.ts";
 
 type Particle = {
   x: number;
   y: number;

[0m
[0m‚Üź [0mEdit app/src/components/sections/CursorGlow.tsx
Index: /project/app/src/components/sections/CursorGlow.tsx
===================================================================
--- /project/app/src/components/sections/CursorGlow.tsx
+++ /project/app/src/components/sections/CursorGlow.tsx
@@ -1,5 +1,5 @@
-import { useMousePosition } from "../../hooks/useMousePosition";
+import { useMousePosition } from "../../hooks/useMousePosition.ts";
 
 export function CursorGlow() {
   const { x, y } = useMousePosition();
   return (

[0m
[0m‚Üź [0mEdit app/src/components/sections/Hero.tsx
Index: /project/app/src/components/sections/Hero.tsx
===================================================================
--- /project/app/src/components/sections/Hero.tsx
+++ /project/app/src/components/sections/Hero.tsx
@@ -1,7 +1,7 @@
 import { useEffect, useState } from "react";
 import { NeuralCanvas } from "./NeuralCanvas";
-import { useReveal } from "../../hooks/useReveal";
+import { useReveal } from "../../hooks/useReveal.ts";
 
 const stats = [
   { value: "12.4 ms", label: "Avg. inference" },
   { value: "99.98%", label: "Uptime SLA" },

[0m
[0m‚Üź [0mEdit app/src/components/sections/Features.tsx
Index: /project/app/src/components/sections/Features.tsx
===================================================================
--- /project/app/src/components/sections/Features.tsx
+++ /project/app/src/components/sections/Features.tsx
@@ -1,6 +1,6 @@
 import { useEffect, useState } from "react";
-import { useReveal } from "../../hooks/useReveal";
+import { useReveal } from "../../hooks/useReveal.ts";
 
 type Bento = {
   id: string;
   title: string;

[0m
[0m‚Üź [0mEdit app/src/components/sections/CTA.tsx
Index: /project/app/src/components/sections/CTA.tsx
===================================================================
--- /project/app/src/components/sections/CTA.tsx
+++ /project/app/src/components/sections/CTA.tsx
@@ -1,5 +1,5 @@
-import { useReveal } from "../../hooks/useReveal";
+import { useReveal } from "../../hooks/useReveal.ts";
 
 export function CTA() {
   const { ref, inView } = useReveal<HTMLDivElement>();
   return (

[0m
[0m$ [0mnpm run build 2>&1 | tail -50
> app@0.0.0 build
> tsc -b && vite build

vite v8.0.16 building client environment for production...
[2Ktransforming...‚úď 27 modules transformed.
rendering chunks...
computing gzip size...
dist/index.html                   1.02 kB ‚Ēā gzip:  0.53 kB
dist/assets/index-y_E7kjKJ.css   28.14 kB ‚Ēā gzip:  6.27 kB
dist/assets/index-BOGRogh2.js   221.96 kB ‚Ēā gzip: 67.83 kB

‚úď built in 739ms
[0m
Build succeeds. Let me also run lint:
[0m$ [0mnpm run lint 2>&1 | tail -40
/project/app/src/components/sections/Features.tsx
  430:21  error  Unnecessary escape character: \[  no-useless-escape

/project/app/src/components/sections/NeuralCanvas.tsx
  19:3  error  Error: Cannot access refs during render

React refs are values that are not needed for rendering. Refs should only be accessed outside of render, such as in event handlers or effects. Accessing a ref value (the `current` property) during render can cause your component not to update as expected (https://react.dev/reference/react/useRef).

/project/app/src/components/sections/NeuralCanvas.tsx:19:3
  17 |   const mouse = useMousePosition();
  18 |   const mouseRef = useRef(mouse);
> 19 |   mouseRef.current = mouse;
     |   ^^^^^^^^^^^^^^^^ Cannot update ref during render
  20 |
  21 |   useEffect(() => {
  22 |     const canvas = canvasRef.current;  react-hooks/refs
  31:9  error  'dpr' is never reassigned. Use 'const' instead                                                                                                                                                                                                                                                                                                                                                                                                                                                                                                                                                                                                                                   prefer-const

/project/app/src/hooks/useReveal.ts
  13:7  error  Error: Calling setState synchronously within an effect can trigger cascading renders

Effects are intended to synchronize state between React and external systems such as manually updating the DOM, state management libraries, or other platform APIs. In general, the body of an effect should do one or both of the following:
* Update external systems with the latest state from React.
* Subscribe for updates from some external system, calling setState in a callback function when external state changes.

Calling setState synchronously within an effect body causes cascading renders that can hurt performance, and is not recommended. (https://react.dev/learn/you-might-not-need-an-effect).

/project/app/src/hooks/useReveal.ts:13:7
  11 |     if (!node) return;
  12 |     if (typeof IntersectionObserver === "undefined") {
> 13 |       setInView(true);
     |       ^^^^^^^^^ Avoid calling setState() directly within an effect
  14 |       return;
  15 |     }
  16 |  react-hooks/set-state-in-effect

‚úĖ 4 problems (4 errors, 0 warnings)
  1 error and 0 warnings potentially fixable with the `--fix` option.
[0m
Let me fix these lint errors:
[0m‚Üź [0mEdit app/src/hooks/useReveal.ts
Index: /project/app/src/hooks/useReveal.ts
===================================================================
--- /project/app/src/hooks/useReveal.ts
+++ /project/app/src/hooks/useReveal.ts
@@ -9,9 +9,9 @@
 useEffect(() => {
   const node = ref.current;
   if (!node) return;
   if (typeof IntersectionObserver === "undefined") {
-    setInView(true);
+    queueMicrotask(() => setInView(true));
     return;
   }
 
   const observer = new IntersectionObserver(([entry]) => {

[0m
Now fix NeuralCanvas - the `mouseRef.current = mouse` issue and `dpr` const:
[0m‚Üź [0mEdit app/src/components/sections/NeuralCanvas.tsx
Index: /project/app/src/components/sections/NeuralCanvas.tsx
===================================================================
--- /project/app/src/components/sections/NeuralCanvas.tsx
+++ /project/app/src/components/sections/NeuralCanvas.tsx
@@ -14,12 +14,15 @@
 
 export function NeuralCanvas() {
   const canvasRef = useRef<HTMLCanvasElement | null>(null);
   const mouse = useMousePosition();
-  const mouseRef = useRef(mouse);
-  mouseRef.current = mouse;
+  const mouseRef = useRef<{ x: number; y: number }>({ x: -1000, y: -1000 });
 
   useEffect(() => {
+    mouseRef.current = mouse;
+  }, [mouse]);
+
+  useEffect(() => {
     const canvas = canvasRef.current;
     if (!canvas) return;
     const ctx = canvas.getContext("2d");
     if (!ctx) return;
@@ -27,9 +30,9 @@
     let raf = 0;
     let particles: Particle[] = [];
     let width = 0;
     let height = 0;
-    let dpr = Math.min(window.devicePixelRatio || 1, 2);
+    const dpr = Math.min(window.devicePixelRatio || 1, 2);
 
     const countFor = (w: number, h: number) => {
       const area = w * h;
       return Math.max(40, Math.min(140, Math.floor(area / 14000)));

[0m
Now fix the regex escape in Features.tsx:
[0m‚Üí [0mRead app/src/components/sections/Features.tsx[90m [offset=425, limit=10][0m
[0m
[0m‚Üź [0mEdit app/src/components/sections/Features.tsx
Index: /project/app/src/components/sections/Features.tsx
===================================================================
--- /project/app/src/components/sections/Features.tsx
+++ /project/app/src/components/sections/Features.tsx
@@ -426,9 +426,9 @@
 {tokens.map((t, i) => (
   <span
     key={i}
     className={`rounded-md border px-1.5 py-0.5 ${
-      /[(){}\[\]]/.test(t)
+      /[(){}[\]]/.test(t)
         ? "border-white/10 text-white/40"
         : t.startsWith("Nexus")
         ? "border-neon-purple/40 bg-neon-purple/10 text-neon-purple"
         : "border-white/10 bg-white/[0.03] text-white/75"

[0m
[0m$ [0mnpm run lint 2>&1 | tail -20
> app@0.0.0 lint
> eslint .
[0m
Lint passes. Let me also re-run the build to confirm:
[0m$ [0mnpm run build 2>&1 | tail -10
vite v8.0.16 building client environment for production...
[2Ktransforming...‚úď 27 modules transformed.
rendering chunks...
computing gzip size...
dist/index.html                   1.02 kB ‚Ēā gzip:  0.52 kB
dist/assets/index-y_E7kjKJ.css   28.14 kB ‚Ēā gzip:  6.27 kB
dist/assets/index-1gedplmg.js   222.02 kB ‚Ēā gzip: 67.84 kB

‚úď built in 623ms
[0m
[93m[1m! [0mpermission requested: external_directory (/tmp/*); auto-rejecting
Let me also briefly start the dev server to verify it serves correctly:
