[0m
> build · MiniMaxAI/MiniMax-M3
[0m
I'll create a stunning cyberpunk-style landing page for an AI product. Let me start by exploring the project structure.
[0m$ [0mls -la /project
total 12
drwxr-xr-x    4 root     root           128 Jun  8 16:41 .
drwxr-xr-x    1 root     root          4096 Jun  8 16:41 ..
-rw-r--r--    1 root     root           432 Jun  8 05:13 DESIGN.md
-rw-r--r--    1 root     root           162 Jun  8 16:41 session.log
[0m
[0m→ [0mRead DESIGN.md
[0m→ [0mRead session.log
The project is empty except for the design system notes. I need to scaffold a Vite + React + TS + Tailwind project from scratch. Let me plan the work.
[0m
[0m# [0mTodos
[•] Scaffold Vite + React + TS + Tailwind project
[ ] Configure Tailwind with custom theme (colors, fonts, animations)
[ ] Build Navbar (glassmorphism floating top bar)
[ ] Build Hero section (typography + interactive canvas + CTA)
[ ] Build Bento Grid feature showcase with micro-interactions
[ ] Add cursor-following gradient overlay + scroll fade-in
[ ] Verify build and run
[0m
[0m$ [0mnode -v && npm -v
v22.22.3
10.9.8
[0m
[0m← [0mWrite package.json
Wrote file successfully.
[0m
[0m← [0mWrite tsconfig.json
Wrote file successfully.
[0m
[0m← [0mWrite tsconfig.app.json
Wrote file successfully.
[0m
[0m← [0mWrite tsconfig.node.json
Wrote file successfully.
[0m
[0m← [0mWrite vite.config.ts
Wrote file successfully.
[0m
[0m← [0mWrite postcss.config.js
Wrote file successfully.
[0m
[0m← [0mWrite tailwind.config.js
Wrote file successfully.
[0m
[0m← [0mWrite index.html
Wrote file successfully.
[0m
[0m← [0mWrite public/favicon.svg
Wrote file successfully.
[0m
Now let's create the source files. I'll start with the global styles, then build the components.
[0m← [0mWrite src/index.css
Wrote file successfully.
[0m
[0m← [0mWrite src/main.tsx
Wrote file successfully.
[0m
Now the reusable hooks for cursor tracking and scroll reveals:
[0m← [0mWrite src/hooks/usePointerTracker.ts
Wrote file successfully.
[0m
[0m← [0mWrite src/hooks/useReveal.ts
Wrote file successfully.
[0m
[0m← [0mWrite src/components/CursorGlow.tsx
Wrote file successfully.
[0m
Now the Navbar:
[0m← [0mWrite src/components/Navbar.tsx
Wrote file successfully.
[0m
Now the centerpiece — the Hero with an interactive canvas:
[0m← [0mWrite src/components/NeuralCanvas.tsx
Wrote file successfully.
[0m
Now the Hero section:
[0m← [0mWrite src/components/Hero.tsx
Wrote file successfully.
[0m
Now the Bento grid feature showcase. Each bento has its own micro-interaction.
[0m← [0mWrite src/components/Features.tsx
Wrote file successfully.
[0m
Now a footer CTA + footer to round out the page, then the App:
[0m← [0mWrite src/components/CTAFooter.tsx
Wrote file successfully.
[0m
[0m← [0mWrite src/App.tsx
Wrote file successfully.
[0m
Now let me update the todo and install dependencies in parallel with the lint config:
[0m# [0mTodos
[✓] Scaffold Vite + React + TS + Tailwind project
[✓] Configure Tailwind with custom theme (colors, fonts, animations)
[✓] Build Navbar (glassmorphism floating top bar)
[✓] Build Hero section (typography + interactive canvas + CTA)
[✓] Build Bento Grid feature showcase with micro-interactions
[✓] Add cursor-following gradient overlay + scroll fade-in
[•] Install dependencies and verify build
[0m
[0m$ [0mnpm install --no-audit --no-fund --loglevel=error 2>&1 | tail -20
added 134 packages in 14s
npm notice
npm notice New major version of npm available! 10.9.8 -> 11.16.0
npm notice Changelog: https://github.com/npm/cli/releases/tag/v11.16.0
npm notice To update run: npm install -g npm@11.16.0
npm notice
[0m
[0m$ [0mnpm run build 2>&1 | tail -60
> neural-ai-landing@0.0.0 build
> tsc -b && vite build

src/components/Features.tsx(1,1): error TS6133: 'useRef' is declared but its value is never read.
[0m
Quick fix — that import isn't used in Features:
[0m← [0mEdit src/components/Features.tsx
Index: /project/src/components/Features.tsx
===================================================================
--- /project/src/components/Features.tsx
+++ /project/src/components/Features.tsx
@@ -1,5 +1,4 @@
-import { useRef } from 'react'
 import { usePointerTracker } from '../hooks/usePointerTracker'
 
 type BentoSize = 'sm' | 'md' | 'lg' | 'xl'
 

[0m
[0m$ [0mnpm run build 2>&1 | tail -40
> neural-ai-landing@0.0.0 build
> tsc -b && vite build

vite v5.4.21 building for production...
transforming...
✓ 39 modules transformed.
rendering chunks...
computing gzip size...
dist/index.html                   1.01 kB │ gzip:  0.53 kB
dist/assets/index-CKK72D8x.css   27.27 kB │ gzip:  6.02 kB
dist/assets/index-O58wWwxE.js   173.55 kB │ gzip: 53.77 kB
✓ built in 1.28s
[0m
Clean build. Let me also verify the dev server boots:
[0m$ [0m(timeout 8 npx vite --port 5173 --host 127.0.0.1 2>&1 || true) | tail -20
VITE v5.4.21  ready in 169 ms

  ➜  Local:   http://127.0.0.1:5173/
[0m
[0m# [0mTodos
[✓] Scaffold Vite + React + TS + Tailwind project
[✓] Configure Tailwind with custom theme (colors, fonts, animations)
[✓] Build Navbar (glassmorphism floating top bar)
[✓] Build Hero section (typography + interactive canvas + CTA)
[✓] Build Bento Grid feature showcase with micro-interactions
[✓] Add cursor-following gradient overlay + scroll fade-in
[✓] Install dependencies and verify build
[0m
