[0m
> build · MiniMaxAI/MiniMax-M3
[0m
I'll create a B2B SaaS CRM dashboard with a clean, professional design. Let me first check the project structure.
[0m$ [0mls /project
DESIGN.md
[0m
[0m→ [0mRead DESIGN.md
[0m
[0m$ [0mls -la /project 2>&1; which node npm 2>&1; node --version 2>&1; npm --version 2>&1
total 8
drwxr-xr-x    3 root     root            96 Jun  8 05:34 .
drwxr-xr-x    1 root     root          4096 Jun  8 15:36 ..
-rw-r--r--    1 root     root           432 Jun  8 05:13 DESIGN.md
/usr/local/bin/node
/usr/local/bin/npm
v22.22.3
10.9.8
[0m
[0m# [0mTodos
[•] Scaffold Vite + React + TS + Tailwind project
[ ] Configure Tailwind theme (colors, radius, shadows)
[ ] Build Sidebar component
[ ] Build TopBar component
[ ] Build StatCard component (Row 1)
[ ] Build PipelineChart component (Row 2 Left)
[ ] Build ActivityFeed component (Row 2 Right)
[ ] Build RecentCustomers table (Row 3)
[ ] Compose Dashboard layout with responsive grid
[ ] Verify build succeeds
[0m
[0m$ [0mnpm create vite@latest app -- --template react-ts --yes 2>&1 | tail -20
npm warn exec The following package was not found and will be installed: create-vite@9.0.7

> npx
> create-vite app --template react-ts --yes

│
◇  Scaffolding project in /project/app...
│
└  Done. Now run:

  cd app
  npm install
  npm run dev

npm notice
npm notice New major version of npm available! 10.9.8 -> 11.16.0
npm notice Changelog: https://github.com/npm/cli/releases/tag/v11.16.0
npm notice To update run: npm install -g npm@11.16.0
npm notice
[0m
[0m$ [0mnpm install 2>&1 | tail -5 && npm install -D tailwindcss@3.4.17 postcss autoprefixer 2>&1 | tail -5 && npx tailwindcss init -p 2>&1 | tail -5
42 packages are looking for funding
  run `npm fund` for details

found 0 vulnerabilities

60 packages are looking for funding
  run `npm fund` for details

found 0 vulnerabilities

Created Tailwind CSS config file: tailwind.config.js
Created PostCSS config file: postcss.config.js
[0m
[0m$ [0mnpm install lucide-react clsx 2>&1 | tail -3
run `npm fund` for details

found 0 vulnerabilities
[0m
[0m# [0mTodos
[✓] Scaffold Vite + React + TS + Tailwind project
[•] Configure Tailwind theme (colors, radius, shadows)
[ ] Build Sidebar component
[ ] Build TopBar component
[ ] Build StatCard component (Row 1)
[ ] Build PipelineChart component (Row 2 Left)
[ ] Build ActivityFeed component (Row 2 Right)
[ ] Build RecentCustomers table (Row 3)
[ ] Compose Dashboard layout with responsive grid
[ ] Verify build succeeds
[0m
[0m← [0mWrite app/tailwind.config.js
Wrote file successfully.
[0m
[0m← [0mWrite app/src/index.css
Wrote file successfully.
[0m
[0m# [0mTodos
[✓] Scaffold Vite + React + TS + Tailwind project
[✓] Configure Tailwind theme (colors, radius, shadows)
[•] Build Sidebar component
[ ] Build TopBar component
[ ] Build StatCard component (Row 1)
[ ] Build PipelineChart component (Row 2 Left)
[ ] Build ActivityFeed component (Row 2 Right)
[ ] Build RecentCustomers table (Row 3)
[ ] Compose Dashboard layout with responsive grid
[ ] Verify build succeeds
[0m
[0m← [0mWrite app/src/lib/utils.ts
Wrote file successfully.
[0m
[0m← [0mWrite app/src/components/layout/Sidebar.tsx
Wrote file successfully.
[0m
Now the components. Let me create the Sidebar, TopBar, and dashboard cards/charts in parallel.
[0m← [0mWrite app/src/components/layout/TopBar.tsx
Wrote file successfully.
[0m
[0m# [0mTodos
[✓] Scaffold Vite + React + TS + Tailwind project
[✓] Configure Tailwind theme (colors, radius, shadows)
[✓] Build Sidebar component
[✓] Build TopBar component
[•] Build StatCard component (Row 1)
[ ] Build PipelineChart component (Row 2 Left)
[ ] Build ActivityFeed component (Row 2 Right)
[ ] Build RecentCustomers table (Row 3)
[ ] Compose Dashboard layout with responsive grid
[ ] Verify build succeeds
[0m
[0m← [0mWrite app/src/components/dashboard/StatCard.tsx
Wrote file successfully.
[0m
[0m# [0mTodos
[✓] Scaffold Vite + React + TS + Tailwind project
[✓] Configure Tailwind theme (colors, radius, shadows)
[✓] Build Sidebar component
[✓] Build TopBar component
[✓] Build StatCard component (Row 1)
[•] Build PipelineChart component (Row 2 Left)
[ ] Build ActivityFeed component (Row 2 Right)
[ ] Build RecentCustomers table (Row 3)
[ ] Compose Dashboard layout with responsive grid
[ ] Verify build succeeds
[0m
[0m← [0mWrite app/src/components/dashboard/PipelineChart.tsx
Wrote file successfully.
[0m
[0m# [0mTodos
[✓] Scaffold Vite + React + TS + Tailwind project
[✓] Configure Tailwind theme (colors, radius, shadows)
[✓] Build Sidebar component
[✓] Build TopBar component
[✓] Build StatCard component (Row 1)
[✓] Build PipelineChart component (Row 2 Left)
[•] Build ActivityFeed component (Row 2 Right)
[ ] Build RecentCustomers table (Row 3)
[ ] Compose Dashboard layout with responsive grid
[ ] Verify build succeeds
[0m
[0m← [0mWrite app/src/components/dashboard/ActivityFeed.tsx
Wrote file successfully.
[0m
[0m# [0mTodos
[✓] Scaffold Vite + React + TS + Tailwind project
[✓] Configure Tailwind theme (colors, radius, shadows)
[✓] Build Sidebar component
[✓] Build TopBar component
[✓] Build StatCard component (Row 1)
[✓] Build PipelineChart component (Row 2 Left)
[✓] Build ActivityFeed component (Row 2 Right)
[•] Build RecentCustomers table (Row 3)
[ ] Compose Dashboard layout with responsive grid
[ ] Verify build succeeds
[0m
[0m← [0mWrite app/src/components/dashboard/RecentCustomers.tsx
Wrote file successfully.
[0m
[0m# [0mTodos
[✓] Scaffold Vite + React + TS + Tailwind project
[✓] Configure Tailwind theme (colors, radius, shadows)
[✓] Build Sidebar component
[✓] Build TopBar component
[✓] Build StatCard component (Row 1)
[✓] Build PipelineChart component (Row 2 Left)
[✓] Build ActivityFeed component (Row 2 Right)
[✓] Build RecentCustomers table (Row 3)
[•] Compose Dashboard layout with responsive grid
[ ] Verify build succeeds
[0m
[0m← [0mWrite app/src/pages/Dashboard.tsx
Wrote file successfully.
[0m
[0m→ [0mRead app/src/main.tsx
[0m
[0m← [0mWrite app/src/App.tsx
Wrote file successfully.
[0m
[0m$ [0mnpm install react-router-dom 2>&1 | tail -3
run `npm fund` for details

found 0 vulnerabilities
[0m
[0m→ [0mRead app/index.html
[0m
[0m← [0mWrite app/index.html
Wrote file successfully.
[0m
Now let me verify the build:
[0m$ [0mnpm run build 2>&1 | tail -30
> app@0.0.0 build
> tsc -b && vite build

vite v8.0.16 building client environment for production...
[2Ktransforming...✓ 1757 modules transformed.
rendering chunks...
computing gzip size...
dist/index.html                   0.73 kB │ gzip:  0.40 kB
dist/assets/index-CYwzwC06.css   16.96 kB │ gzip:  4.14 kB
dist/assets/index-3PXxhp9o.js   260.26 kB │ gzip: 81.86 kB

✓ built in 965ms
[0m
Build succeeds. Let me also run the dev server briefly to confirm it serves without errors:
[0m$ [0mnpm run dev -- --port 5173 --host 127.0.0.1 > /tmp/vite.log 2>&1 &
VITE_PID=$!
sleep 3
curl -s -o /dev/null -w "HTTP %{http_code}\n" http://127.0.0.1:5173/
kill $VITE_PID 2>/dev/null
wait 2>/dev/null
tail -5 /tmp/vite.log
/bin/sh: curl: not found


  VITE v8.0.16  ready in 183 ms

  ➜  Local:   http://127.0.0.1:5173/
[0m
[0m$ [0mwget -q -O /tmp/page.html http://127.0.0.1:5173/ -t 1 -T 3 2>&1 || true
# server already killed; check build artifacts
ls -la /project/app/dist
wget: can't connect to remote host (127.0.0.1): Connection refused
total 24
drwxr-xr-x    6 root     root           192 Jun  8 15:41 .
drwxr-xr-x   18 root     root           576 Jun  8 15:41 ..
drwxr-xr-x    4 root     root           128 Jun  8 15:41 assets
-rw-r--r--    1 root     root          9522 Jun  8 15:41 favicon.svg
-rw-r--r--    1 root     root          5031 Jun  8 15:41 icons.svg
-rw-r--r--    1 root     root           738 Jun  8 15:41 index.html
[0m
[0m# [0mTodos
[✓] Scaffold Vite + React + TS + Tailwind project
[✓] Configure Tailwind theme (colors, radius, shadows)
[✓] Build Sidebar component
[✓] Build TopBar component
[✓] Build StatCard component (Row 1)
[✓] Build PipelineChart component (Row 2 Left)
[✓] Build ActivityFeed component (Row 2 Right)
[✓] Build RecentCustomers table (Row 3)
[✓] Compose Dashboard layout with responsive grid
[✓] Verify build succeeds
[0m
