[0m
> build · MiniMaxAI/MiniMax-M3
[0m
프로젝트 구조를 먼저 파악할게.
[0m$ [0mls -la /project
total 8
drwxr-xr-x    3 root     root            96 Jun  8 15:55 .
drwxr-xr-x    1 root     root          4096 Jun  8 15:55 ..
-rw-r--r--    1 root     root            86 Jun  8 15:55 session.log
[0m
[0m# [0mTodos
[•] Set up Vite + React + TypeScript + Tailwind project structure
[ ] Configure Tailwind with custom theme (colors, fonts, animations)
[ ] Build Navigation component with glassmorphism
[ ] Build Hero section with interactive canvas, gradient typography, CTA
[ ] Build Bento Grid Feature Showcase with micro-interactions
[ ] Add cursor-tracking gradient overlay and scroll reveal effects
[ ] Verify build and run dev server
[0m
빈 프로젝트네. React + Vite + TypeScript + Tailwind로 전체 구조를 만들어줄게.
[0m$ [0mnode --version && npm --version
v22.22.3
10.9.8
[0m
[0m← [0mWrite package.json
Wrote file successfully.
[0m
[0m← [0mWrite tsconfig.json
Wrote file successfully.
[0m
[0m← [0mWrite tsconfig.app.json
Wrote file successfully.
[0m
[0m← [0mWrite tsconfig.node.json
Wrote file successfully.
[0m
[0m← [0mWrite vite.config.ts
Wrote file successfully.
[0m
[0m← [0mWrite postcss.config.js
Wrote file successfully.
[0m
[0m← [0mWrite tailwind.config.js
Wrote file successfully.
[0m
[0m← [0mWrite index.html
Wrote file successfully.
[0m
[0m# [0mTodos
[✓] Set up Vite + React + TypeScript + Tailwind project structure
[✓] Configure Tailwind with custom theme (colors, fonts, animations)
[•] Build core CSS with global effects and utility classes
[ ] Build Navigation component with glassmorphism
[ ] Build Hero section with interactive canvas, gradient typography, CTA
[ ] Build Bento Grid Feature Showcase with micro-interactions
[ ] Add cursor-tracking gradient overlay and scroll reveal effects
[ ] Verify build and run dev server
[0m
[0m← [0mWrite src/index.css
Wrote file successfully.
[0m
[0m← [0mWrite src/main.tsx
Wrote file successfully.
[0m
[0m← [0mWrite src/vite-env.d.ts
Wrote file successfully.
[0m
이제 컴포넌트들을 만들어줄게. 먼저 마우스를 따라다니는 그라데이션 오버레이와 스크롤 reveal hook.
[0m← [0mWrite src/hooks/useScrollReveal.ts
Wrote file successfully.
[0m
[0m← [0mWrite src/components/CursorGlow.tsx
Wrote file successfully.
[0m
[0m← [0mWrite src/components/Navigation.tsx
Wrote file successfully.
[0m
이제 인터랙티브 캔버스를 가진 히어로 섹션. 신경망 시각화 + 떠다니는 토큰 노드 + 마우스 패럴럭스.
[0m← [0mWrite src/components/NeuralCanvas.tsx
Wrote file successfully.
[0m
[0m← [0mWrite src/components/Hero.tsx
Wrote file successfully.
[0m
이제 Bento Grid 섹션.
[0m← [0mWrite src/components/FeatureShowcase.tsx
Wrote file successfully.
[0m
[0m← [0mWrite src/components/CTAFooter.tsx
Wrote file successfully.
[0m
[0m← [0mWrite src/App.tsx
Wrote file successfully.
[0m
이제 의존성 설치하고 빌드 검증.
[0m$ [0mnpm install --silent 2>&1 | tail -20
(no output)
[0m
[0m$ [0mnpm run build 2>&1 | tail -40
> neural-ai-landing@0.0.0 build
> tsc -b && vite build

vite v5.4.21 building for production...
transforming...
✓ 38 modules transformed.
rendering chunks...
computing gzip size...
dist/index.html                   1.36 kB │ gzip:  0.74 kB
dist/assets/index-fBIXXy0x.css   27.66 kB │ gzip:  5.92 kB
dist/assets/index-C0vpwXQl.js   171.33 kB │ gzip: 53.76 kB
✓ built in 1.21s
[0m
빌드 성공. dev server도 잠시 실행해서 정상 작동하는지 확인.
[0m$ [0mnpm run dev &> /tmp/vite.log & sleep 3 && head -20 /tmp/vite.log && curl -s -o /dev/null -w "HTTP %{http_code}\n" http://localhost:5173/ && kill %1 2>/dev/null; wait 2>/dev/null; true
> neural-ai-landing@0.0.0 dev
> vite


  VITE v5.4.21  ready in 151 ms

  ➜  Local:   http://localhost:5173/
  ➜  Network: http://172.17.0.6:5173/
/bin/sh: curl: not found


<shell_metadata>
shell tool terminated command after exceeding timeout 15000 ms. If this command is expected to take longer and is not waiting for interactive input, retry with a larger timeout value in milliseconds.
</shell_metadata>
[0m
Vite 서버는 정상 기동됨. 종료.
[0m$ [0mpkill -f vite 2>/dev/null; true
(no output)

<shell_metadata>
shell tool terminated command after exceeding timeout 120000 ms. If this command is expected to take longer and is not waiting for interactive input, retry with a larger timeout value in milliseconds.
</shell_metadata>
[0m
[0m$ [0mpkill -9 -f vite 2>/dev/null; pkill -9 -f node 2>/dev/null; true
(no output)

<shell_metadata>
shell tool terminated command after exceeding timeout 5000 ms. If this command is expected to take longer and is not waiting for interactive input, retry with a larger timeout value in milliseconds.
</shell_metadata>
[0m
[0m# [0mTodos
[✓] Set up Vite + React + TypeScript + Tailwind project structure
[✓] Configure Tailwind with custom theme (colors, fonts, animations)
[✓] Build core CSS with global effects and utility classes
[✓] Build Navigation component with glassmorphism
[✓] Build Hero section with interactive canvas, gradient typography, CTA
[✓] Build Bento Grid Feature Showcase with micro-interactions
[✓] Add cursor-tracking gradient overlay and scroll reveal effects
[✓] Verify build and run dev server
[0m
